TN:
SF:server.js
FN:23,resolveFile
FN:63,createHandler
FN:64,(anonymous_2)
FN:84,(anonymous_3)
FNF:4
FNH:4
FNDA:18,resolveFile
FNDA:3,createHandler
FNDA:7,(anonymous_2)
FNDA:1,(anonymous_3)
DA:3,1
DA:4,1
DA:5,1
DA:8,1
DA:25,18
DA:26,18
DA:29,18
DA:30,18
DA:31,3
DA:32,3
DA:33,3
DA:37,15
DA:40,15
DA:41,4
DA:42,4
DA:46,11
DA:47,11
DA:48,9
DA:49,9
DA:50,9
DA:54,2
DA:55,2
DA:64,3
DA:65,7
DA:66,7
DA:67,7
DA:69,6
DA:70,6
DA:72,1
DA:73,1
DA:79,1
DA:80,1
DA:81,1
DA:82,1
DA:84,1
DA:85,1
DA:88,1
LF:37
LH:37
BRDA:30,0,0,3
BRDA:30,0,1,15
BRDA:30,1,0,18
BRDA:30,1,1,6
BRDA:32,2,0,3
BRDA:32,2,1,0
BRDA:40,3,0,4
BRDA:40,3,1,11
BRDA:46,4,0,11
BRDA:46,4,1,0
BRDA:47,5,0,9
BRDA:47,5,1,2
BRDA:47,6,0,11
BRDA:47,6,1,9
BRDA:49,7,0,9
BRDA:49,7,1,1
BRDA:79,8,0,1
BRDA:79,8,1,1
BRF:18
BRH:16
end_of_record
TN:
SF:backend\SeeFacilities.js
FN:5,(anonymous_0)
FN:14,(anonymous_1)
FN:20,(anonymous_2)
FN:23,(anonymous_3)
FN:28,(anonymous_4)
FN:41,(anonymous_5)
FN:47,(anonymous_6)
FN:58,(anonymous_7)
FN:66,(anonymous_8)
FN:77,(anonymous_9)
FN:78,(anonymous_10)
FN:88,(anonymous_11)
FN:94,(anonymous_12)
FN:110,(anonymous_13)
FN:118,(anonymous_14)
FN:129,(anonymous_15)
FN:130,(anonymous_16)
FN:132,(anonymous_17)
FN:142,(anonymous_18)
FN:157,(anonymous_19)
FN:186,(anonymous_20)
FN:197,(anonymous_21)
FN:213,(anonymous_22)
FN:214,(anonymous_23)
FN:216,(anonymous_24)
FN:225,(anonymous_25)
FN:238,(anonymous_26)
FN:255,(anonymous_27)
FN:266,(anonymous_28)
FN:280,(anonymous_29)
FN:281,(anonymous_30)
FN:291,(anonymous_31)
FN:319,(anonymous_32)
FN:333,(anonymous_33)
FN:338,(anonymous_34)
FNF:35
FNH:33
FNDA:66,(anonymous_0)
FNDA:0,(anonymous_1)
FNDA:0,(anonymous_2)
FNDA:137,(anonymous_3)
FNDA:7,(anonymous_4)
FNDA:11,(anonymous_5)
FNDA:3,(anonymous_6)
FNDA:8,(anonymous_7)
FNDA:6,(anonymous_8)
FNDA:4,(anonymous_9)
FNDA:2,(anonymous_10)
FNDA:9,(anonymous_11)
FNDA:2,(anonymous_12)
FNDA:7,(anonymous_13)
FNDA:5,(anonymous_14)
FNDA:3,(anonymous_15)
FNDA:1,(anonymous_16)
FNDA:1,(anonymous_17)
FNDA:10,(anonymous_18)
FNDA:2,(anonymous_19)
FNDA:7,(anonymous_20)
FNDA:5,(anonymous_21)
FNDA:3,(anonymous_22)
FNDA:1,(anonymous_23)
FNDA:1,(anonymous_24)
FNDA:11,(anonymous_25)
FNDA:3,(anonymous_26)
FNDA:8,(anonymous_27)
FNDA:6,(anonymous_28)
FNDA:4,(anonymous_29)
FNDA:2,(anonymous_30)
FNDA:6,(anonymous_31)
FNDA:2,(anonymous_32)
FNDA:1,(anonymous_33)
FNDA:1,(anonymous_34)
DA:6,66
DA:7,66
DA:8,66
DA:9,66
DA:10,66
DA:11,66
DA:15,0
DA:16,0
DA:17,0
DA:18,0
DA:19,0
DA:20,0
DA:24,137
DA:25,134
DA:29,7
DA:30,7
DA:31,7
DA:32,2
DA:33,2
DA:35,7
DA:36,7
DA:37,7
DA:42,11
DA:43,11
DA:44,10
DA:48,3
DA:49,2
DA:50,2
DA:51,1
DA:52,1
DA:54,1
DA:55,1
DA:59,8
DA:60,8
DA:61,8
DA:62,7
DA:63,1
DA:64,1
DA:66,6
DA:77,6
DA:78,4
DA:79,2
DA:80,2
DA:81,2
DA:82,2
DA:89,9
DA:90,9
DA:91,9
DA:95,2
DA:96,2
DA:101,2
DA:102,1
DA:103,1
DA:105,1
DA:106,1
DA:107,1
DA:111,7
DA:112,7
DA:113,7
DA:114,6
DA:115,1
DA:116,1
DA:118,5
DA:129,5
DA:130,3
DA:131,1
DA:132,1
DA:133,1
DA:134,1
DA:135,1
DA:143,10
DA:150,10
DA:151,1
DA:152,1
DA:154,9
DA:158,2
DA:160,2
DA:172,2
DA:173,1
DA:174,1
DA:177,1
DA:182,1
DA:183,1
DA:187,7
DA:188,7
DA:190,7
DA:192,6
DA:193,1
DA:194,1
DA:197,5
DA:213,5
DA:214,3
DA:215,1
DA:216,1
DA:217,1
DA:218,1
DA:226,11
DA:231,11
DA:232,1
DA:233,1
DA:235,10
DA:239,3
DA:241,2
DA:246,2
DA:247,1
DA:248,1
DA:251,1
DA:252,1
DA:256,8
DA:257,8
DA:259,8
DA:261,7
DA:262,1
DA:263,1
DA:266,6
DA:280,6
DA:281,4
DA:282,2
DA:283,2
DA:284,2
DA:285,2
DA:292,6
DA:293,6
DA:294,6
DA:296,6
DA:309,6
DA:310,6
DA:313,6
DA:314,6
DA:315,1
DA:320,2
DA:329,2
DA:330,2
DA:334,1
DA:335,1
DA:339,1
DA:340,1
DA:341,1
DA:343,0
DA:344,0
DA:345,0
DA:346,0
DA:347,0
DA:348,0
DA:353,1
DA:354,1
DA:358,1
LF:147
LH:135
BRDA:17,0,0,0
BRDA:17,0,1,0
BRDA:18,1,0,0
BRDA:18,1,1,0
BRDA:24,2,0,3
BRDA:24,2,1,134
BRDA:31,3,0,2
BRDA:31,3,1,5
BRDA:31,4,0,7
BRDA:31,4,1,6
BRDA:31,4,2,2
BRDA:33,5,0,2
BRDA:33,5,1,0
BRDA:43,6,0,1
BRDA:43,6,1,10
BRDA:44,7,0,10
BRDA:44,7,1,1
BRDA:48,8,0,1
BRDA:48,8,1,2
BRDA:50,9,0,1
BRDA:50,9,1,1
BRDA:61,10,0,1
BRDA:61,10,1,7
BRDA:62,11,0,1
BRDA:62,11,1,6
BRDA:72,12,0,6
BRDA:72,12,1,5
BRDA:82,13,0,1
BRDA:82,13,1,1
BRDA:90,14,0,0
BRDA:90,14,1,9
BRDA:91,15,0,9
BRDA:91,15,1,1
BRDA:98,16,0,2
BRDA:98,16,1,1
BRDA:99,17,0,2
BRDA:99,17,1,1
BRDA:101,18,0,1
BRDA:101,18,1,1
BRDA:113,19,0,1
BRDA:113,19,1,6
BRDA:114,20,0,1
BRDA:114,20,1,5
BRDA:123,21,0,5
BRDA:123,21,1,0
BRDA:124,22,0,1
BRDA:124,22,1,4
BRDA:133,23,0,1
BRDA:133,23,1,0
BRDA:133,24,0,1
BRDA:133,24,1,1
BRDA:150,25,0,1
BRDA:150,25,1,9
BRDA:154,26,0,9
BRDA:154,26,1,1
BRDA:158,27,0,2
BRDA:158,27,1,0
BRDA:167,28,0,2
BRDA:167,28,1,0
BRDA:172,29,0,1
BRDA:172,29,1,1
BRDA:190,30,0,1
BRDA:190,30,1,6
BRDA:192,31,0,1
BRDA:192,31,1,5
BRDA:202,32,0,5
BRDA:202,32,1,4
BRDA:203,33,0,5
BRDA:203,33,1,4
BRDA:204,34,0,1
BRDA:204,34,1,4
BRDA:217,35,0,1
BRDA:217,35,1,0
BRDA:217,36,0,1
BRDA:217,36,1,1
BRDA:231,37,0,1
BRDA:231,37,1,10
BRDA:235,38,0,10
BRDA:235,38,1,1
BRDA:239,39,0,1
BRDA:239,39,1,2
BRDA:246,40,0,1
BRDA:246,40,1,1
BRDA:259,41,0,1
BRDA:259,41,1,7
BRDA:261,42,0,1
BRDA:261,42,1,6
BRDA:270,43,0,6
BRDA:270,43,1,5
BRDA:271,44,0,6
BRDA:271,44,1,5
BRDA:285,45,0,1
BRDA:285,45,1,1
BRDA:292,46,0,1
BRDA:292,46,1,5
BRDA:293,47,0,1
BRDA:293,47,1,5
BRDA:294,48,0,5
BRDA:294,48,1,1
BRDA:300,49,0,1
BRDA:300,49,1,5
BRDA:314,50,0,1
BRDA:314,50,1,5
BRDA:339,51,0,1
BRDA:339,51,1,0
BRDA:355,52,0,1
BRDA:355,52,1,1
BRDA:355,53,0,1
BRDA:355,53,1,1
BRDA:356,54,0,1
BRDA:356,54,1,1
BRDA:356,55,0,1
BRDA:356,55,1,1
BRDA:356,56,0,1
BRDA:356,56,1,1
BRF:115
BRH:103
end_of_record
TN:
SF:backend\notificationService.js
FN:6,(anonymous_0)
FN:26,(anonymous_1)
FN:46,(anonymous_2)
FN:60,(anonymous_3)
FN:74,(anonymous_4)
FN:88,(anonymous_5)
FN:102,(anonymous_6)
FNF:7
FNH:7
FNDA:5,(anonymous_0)
FNDA:4,(anonymous_1)
FNDA:4,(anonymous_2)
FNDA:3,(anonymous_3)
FNDA:3,(anonymous_4)
FNDA:3,(anonymous_5)
FNDA:5,(anonymous_6)
DA:7,5
DA:8,5
DA:9,5
DA:18,4
DA:19,3
DA:21,1
DA:22,1
DA:27,4
DA:28,4
DA:35,3
DA:36,1
DA:37,1
DA:39,2
DA:41,1
DA:42,1
DA:47,4
DA:48,4
DA:49,3
DA:50,1
DA:51,1
DA:53,2
DA:55,1
DA:56,1
DA:61,3
DA:62,3
DA:63,2
DA:64,1
DA:65,1
DA:67,1
DA:69,1
DA:70,1
DA:75,3
DA:76,3
DA:77,2
DA:78,1
DA:79,1
DA:81,1
DA:83,1
DA:84,1
DA:89,3
DA:90,3
DA:91,2
DA:92,1
DA:93,1
DA:95,1
DA:97,1
DA:98,1
DA:103,5
DA:104,5
DA:105,4
DA:106,1
DA:107,1
DA:109,3
DA:111,1
DA:112,1
DA:118,1
DA:119,1
DA:120,1
DA:121,1
DA:122,1
DA:123,1
DA:124,1
LF:62
LH:62
BRDA:18,0,0,1
BRDA:18,0,1,3
BRDA:26,1,0,2
BRDA:35,2,0,1
BRDA:35,2,1,2
BRDA:49,3,0,1
BRDA:49,3,1,2
BRDA:53,4,0,2
BRDA:53,4,1,1
BRDA:63,5,0,1
BRDA:63,5,1,1
BRDA:77,6,0,1
BRDA:77,6,1,1
BRDA:91,7,0,1
BRDA:91,7,1,1
BRDA:105,8,0,1
BRDA:105,8,1,3
BRDA:109,9,0,3
BRDA:109,9,1,2
BRF:19
BRH:19
end_of_record
TN:
SF:backend\receptionist-appointments.js
FN:14,getCurrentReceptionist
FN:48,formatDate
FN:58,formatTime
FN:64,statusClass
FN:75,renderAppointments
FN:87,(anonymous_5)
FN:134,(anonymous_6)
FN:135,(anonymous_7)
FN:142,loadAppointments
FN:173,searchAppointments
FN:181,(anonymous_10)
FN:197,checkInAppointment
FN:213,(anonymous_12)
FN:223,init
FNF:14
FNH:14
FNDA:4,getCurrentReceptionist
FNDA:13,formatDate
FNDA:13,formatTime
FNDA:13,statusClass
FNDA:5,renderAppointments
FNDA:13,(anonymous_5)
FNDA:4,(anonymous_6)
FNDA:2,(anonymous_7)
FNDA:3,loadAppointments
FNDA:3,searchAppointments
FNDA:8,(anonymous_10)
FNDA:2,checkInAppointment
FNDA:1,(anonymous_12)
FNDA:4,init
DA:3,4
DA:4,4
DA:5,4
DA:6,4
DA:7,4
DA:8,4
DA:10,4
DA:11,4
DA:12,4
DA:15,4
DA:17,4
DA:18,1
DA:19,1
DA:22,3
DA:23,3
DA:25,3
DA:31,3
DA:32,1
DA:33,1
DA:34,1
DA:37,2
DA:38,2
DA:40,2
DA:41,2
DA:43,2
DA:45,2
DA:49,13
DA:51,4
DA:59,13
DA:61,4
DA:65,13
DA:67,13
DA:68,10
DA:69,7
DA:70,7
DA:72,7
DA:76,5
DA:77,1
DA:84,1
DA:87,4
DA:88,13
DA:90,13
DA:92,13
DA:93,13
DA:96,13
DA:99,13
DA:134,4
DA:135,4
DA:136,2
DA:137,2
DA:143,3
DA:151,3
DA:158,3
DA:159,1
DA:166,1
DA:169,2
DA:170,2
DA:174,3
DA:176,3
DA:177,1
DA:178,1
DA:181,2
DA:182,8
DA:191,8
DA:194,2
DA:198,2
DA:205,2
DA:206,1
DA:207,1
DA:210,1
DA:213,4
DA:214,1
DA:215,1
DA:216,1
DA:219,4
DA:221,4
DA:224,4
DA:226,4
DA:228,2
DA:231,4
LF:80
LH:80
BRDA:17,0,0,1
BRDA:17,0,1,3
BRDA:31,1,0,1
BRDA:31,1,1,2
BRDA:31,2,0,3
BRDA:31,2,1,2
BRDA:49,3,0,9
BRDA:49,3,1,4
BRDA:59,4,0,9
BRDA:59,4,1,4
BRDA:65,5,0,13
BRDA:65,5,1,0
BRDA:67,6,0,3
BRDA:67,6,1,10
BRDA:68,7,0,3
BRDA:68,7,1,7
BRDA:69,8,0,0
BRDA:69,8,1,7
BRDA:70,9,0,0
BRDA:70,9,1,7
BRDA:76,10,0,1
BRDA:76,10,1,4
BRDA:76,11,0,5
BRDA:76,11,1,5
BRDA:88,12,0,13
BRDA:88,12,1,0
BRDA:96,13,0,13
BRDA:96,13,1,10
BRDA:101,14,0,13
BRDA:101,14,1,3
BRDA:102,15,0,13
BRDA:102,15,1,3
BRDA:105,16,0,13
BRDA:105,16,1,9
BRDA:114,17,0,3
BRDA:114,17,1,10
BRDA:116,18,0,3
BRDA:116,18,1,7
BRDA:122,19,0,3
BRDA:122,19,1,4
BRDA:124,20,0,3
BRDA:124,20,1,4
BRDA:158,21,0,1
BRDA:158,21,1,2
BRDA:169,22,0,2
BRDA:169,22,1,0
BRDA:176,23,0,1
BRDA:176,23,1,2
BRDA:205,24,0,1
BRDA:205,24,1,1
BRDA:226,25,0,2
BRDA:226,25,1,2
BRF:52
BRH:47
end_of_record
TN:
SF:backend\receptionist-dashboard.js
FN:7,loadReceptionistDashboard
FN:38,(anonymous_1)
FNF:2
FNH:2
FNDA:3,loadReceptionistDashboard
FNDA:1,(anonymous_1)
DA:3,3
DA:4,3
DA:5,3
DA:8,3
DA:10,3
DA:11,1
DA:12,1
DA:15,2
DA:17,2
DA:19,2
DA:25,2
DA:26,1
DA:27,1
DA:28,1
DA:31,1
DA:32,1
DA:33,1
DA:35,1
DA:38,3
DA:39,1
DA:40,1
DA:41,1
DA:44,3
LF:23
LH:23
BRDA:10,0,0,1
BRDA:10,0,1,2
BRDA:25,1,0,1
BRDA:25,1,1,1
BRDA:25,2,0,2
BRDA:25,2,1,1
BRDA:35,3,0,1
BRDA:35,3,1,0
BRF:8
BRH:7
end_of_record
TN:
SF:backend\staff-dashboard.js
FN:11,isUnavailable
FN:15,(anonymous_1)
FN:23,showPatientNotes
FN:52,(anonymous_3)
FN:74,(anonymous_4)
FN:76,(anonymous_5)
FN:101,(anonymous_6)
FN:108,loadStaffDashboard
FN:141,(anonymous_8)
FN:142,(anonymous_9)
FN:143,(anonymous_10)
FN:149,(anonymous_11)
FN:156,(anonymous_12)
FN:198,(anonymous_13)
FN:244,(anonymous_14)
FN:247,(anonymous_15)
FN:248,(anonymous_16)
FN:250,(anonymous_17)
FN:251,(anonymous_18)
FN:255,(anonymous_19)
FN:256,(anonymous_20)
FN:262,(anonymous_21)
FN:263,(anonymous_22)
FN:271,openRescheduleModal
FN:294,(anonymous_24)
FN:295,(anonymous_25)
FN:297,(anonymous_26)
FN:304,(anonymous_27)
FN:317,updateAppointmentStatus
FN:323,formatDate
FN:328,formatTime
FN:336,showToast
FN:340,(anonymous_32)
FN:346,logout
FNF:34
FNH:27
FNDA:5,isUnavailable
FNDA:5,(anonymous_1)
FNDA:3,showPatientNotes
FNDA:1,(anonymous_3)
FNDA:0,(anonymous_4)
FNDA:0,(anonymous_5)
FNDA:0,(anonymous_6)
FNDA:6,loadStaffDashboard
FNDA:5,(anonymous_8)
FNDA:5,(anonymous_9)
FNDA:5,(anonymous_10)
FNDA:5,(anonymous_11)
FNDA:1,(anonymous_12)
FNDA:5,(anonymous_13)
FNDA:0,(anonymous_14)
FNDA:1,(anonymous_15)
FNDA:1,(anonymous_16)
FNDA:1,(anonymous_17)
FNDA:1,(anonymous_18)
FNDA:1,(anonymous_19)
FNDA:1,(anonymous_20)
FNDA:1,(anonymous_21)
FNDA:3,(anonymous_22)
FNDA:1,openRescheduleModal
FNDA:0,(anonymous_24)
FNDA:0,(anonymous_25)
FNDA:1,(anonymous_26)
FNDA:1,(anonymous_27)
FNDA:2,updateAppointmentStatus
FNDA:1,formatDate
FNDA:1,formatTime
FNDA:1,showToast
FNDA:0,(anonymous_32)
FNDA:1,logout
DA:4,3
DA:6,3
DA:7,3
DA:12,5
DA:13,5
DA:15,5
DA:16,5
DA:17,5
DA:18,5
DA:24,3
DA:30,3
DA:31,1
DA:32,1
DA:35,2
DA:37,2
DA:38,2
DA:39,2
DA:40,2
DA:52,1
DA:71,2
DA:72,2
DA:74,2
DA:76,2
DA:77,0
DA:78,0
DA:79,0
DA:80,0
DA:83,0
DA:92,0
DA:93,0
DA:95,0
DA:96,0
DA:97,0
DA:101,2
DA:109,6
DA:110,6
DA:111,4
DA:112,4
DA:113,4
DA:115,2
DA:117,2
DA:123,2
DA:124,1
DA:125,1
DA:127,1
DA:128,1
DA:130,1
DA:136,1
DA:137,1
DA:138,1
DA:140,1
DA:141,5
DA:142,5
DA:143,5
DA:147,1
DA:148,1
DA:149,5
DA:150,1
DA:155,1
DA:156,1
DA:157,1
DA:163,1
DA:164,1
DA:199,5
DA:200,5
DA:201,5
DA:207,5
DA:208,5
DA:209,5
DA:210,2
DA:211,3
DA:212,1
DA:213,2
DA:214,1
DA:216,1
DA:218,5
DA:244,1
DA:245,0
DA:247,1
DA:248,1
DA:250,1
DA:251,1
DA:252,1
DA:255,1
DA:256,1
DA:257,1
DA:262,1
DA:263,1
DA:264,3
DA:268,1
DA:272,1
DA:273,1
DA:274,1
DA:275,1
DA:291,1
DA:292,1
DA:294,1
DA:295,1
DA:297,1
DA:298,1
DA:299,1
DA:300,1
DA:301,1
DA:302,1
DA:303,1
DA:304,1
DA:305,1
DA:306,0
DA:307,0
DA:309,1
DA:310,1
DA:311,1
DA:312,1
DA:313,1
DA:318,2
DA:319,2
DA:320,2
DA:324,1
DA:325,1
DA:326,1
DA:329,1
DA:330,1
DA:331,1
DA:332,1
DA:333,1
DA:334,1
DA:337,1
DA:338,1
DA:339,1
DA:340,1
DA:347,1
DA:348,1
DA:349,1
DA:352,3
DA:353,3
LF:135
LH:122
BRDA:16,0,0,0
BRDA:16,0,1,5
BRDA:17,1,0,0
BRDA:17,1,1,5
BRDA:17,2,0,5
BRDA:17,2,1,0
BRDA:18,3,0,5
BRDA:18,3,1,2
BRDA:30,4,0,1
BRDA:30,4,1,2
BRDA:35,5,0,2
BRDA:35,5,1,0
BRDA:46,6,0,2
BRDA:46,6,1,1
BRDA:50,7,0,1
BRDA:50,7,1,1
BRDA:50,8,0,2
BRDA:50,8,1,2
BRDA:78,9,0,0
BRDA:78,9,1,0
BRDA:88,10,0,0
BRDA:88,10,1,0
BRDA:92,11,0,0
BRDA:92,11,1,0
BRDA:101,12,0,0
BRDA:101,12,1,0
BRDA:110,13,0,4
BRDA:110,13,1,2
BRDA:123,14,0,1
BRDA:123,14,1,1
BRDA:123,15,0,2
BRDA:123,15,1,1
BRDA:136,16,0,1
BRDA:136,16,1,0
BRDA:137,17,0,1
BRDA:137,17,1,0
BRDA:138,18,0,1
BRDA:138,18,1,0
BRDA:148,19,0,1
BRDA:148,19,1,0
BRDA:155,20,0,1
BRDA:155,20,1,0
BRDA:157,21,0,1
BRDA:157,21,1,1
BRDA:192,22,0,0
BRDA:192,22,1,1
BRDA:199,23,0,5
BRDA:199,23,1,0
BRDA:201,24,0,5
BRDA:201,24,1,1
BRDA:207,25,0,5
BRDA:207,25,1,0
BRDA:209,26,0,2
BRDA:209,26,1,3
BRDA:209,27,0,5
BRDA:209,27,1,4
BRDA:211,28,0,1
BRDA:211,28,1,2
BRDA:213,29,0,1
BRDA:213,29,1,1
BRDA:218,30,0,1
BRDA:218,30,1,4
BRDA:220,31,0,5
BRDA:220,31,1,0
BRDA:221,32,0,5
BRDA:221,32,1,0
BRDA:230,33,0,1
BRDA:230,33,1,4
BRDA:252,34,0,1
BRDA:252,34,1,0
BRDA:295,35,0,0
BRDA:295,35,1,0
BRDA:302,36,0,0
BRDA:302,36,1,1
BRDA:302,37,0,1
BRDA:302,37,1,1
BRDA:303,38,0,0
BRDA:303,38,1,1
BRDA:303,39,0,1
BRDA:303,39,1,1
BRDA:305,40,0,1
BRDA:305,40,1,0
BRDA:306,41,0,0
BRDA:306,41,1,0
BRDA:306,42,0,0
BRDA:306,42,1,0
BRDA:307,43,0,0
BRDA:307,43,1,0
BRDA:309,44,0,0
BRDA:309,44,1,1
BRDA:311,45,0,0
BRDA:311,45,1,1
BRDA:319,46,0,0
BRDA:319,46,1,2
BRDA:324,47,0,0
BRDA:324,47,1,1
BRDA:329,48,0,0
BRDA:329,48,1,1
BRDA:332,49,0,1
BRDA:332,49,1,0
BRDA:333,50,0,1
BRDA:333,50,1,1
BRDA:336,51,0,0
BRDA:339,52,0,1
BRDA:339,52,1,0
BRF:105
BRH:63
end_of_record
TN:
SF:backend\staff-unavailability.js
FN:7,init
FN:38,renderList
FN:57,(anonymous_2)
FN:63,(anonymous_3)
FN:64,(anonymous_4)
FN:68,markClashingAppointments
FN:76,(anonymous_6)
FN:80,(anonymous_7)
FN:86,revertClashingAppointments
FN:94,(anonymous_9)
FN:98,(anonymous_10)
FN:104,addUnavailability
FN:124,deleteEntry
FN:135,formatDate
FN:140,formatTime
FN:148,formatTimeRange
FN:152,showToast
FN:156,(anonymous_17)
FN:159,(anonymous_18)
FNF:19
FNH:18
FNDA:5,init
FNDA:5,renderList
FNDA:1,(anonymous_2)
FNDA:1,(anonymous_3)
FNDA:1,(anonymous_4)
FNDA:1,markClashingAppointments
FNDA:1,(anonymous_6)
FNDA:1,(anonymous_7)
FNDA:1,revertClashingAppointments
FNDA:1,(anonymous_9)
FNDA:1,(anonymous_10)
FNDA:1,addUnavailability
FNDA:1,deleteEntry
FNDA:1,formatDate
FNDA:2,formatTime
FNDA:1,formatTimeRange
FNDA:3,showToast
FNDA:0,(anonymous_17)
FNDA:1,(anonymous_18)
DA:4,5
DA:5,5
DA:8,5
DA:9,5
DA:10,1
DA:11,1
DA:13,4
DA:15,4
DA:21,4
DA:22,1
DA:23,1
DA:25,3
DA:27,3
DA:28,3
DA:29,3
DA:30,3
DA:31,3
DA:32,3
DA:34,3
DA:35,3
DA:39,5
DA:40,5
DA:41,5
DA:48,5
DA:49,1
DA:50,1
DA:51,1
DA:53,4
DA:54,3
DA:55,3
DA:57,1
DA:63,1
DA:64,1
DA:69,1
DA:75,1
DA:76,1
DA:77,1
DA:78,1
DA:79,1
DA:80,1
DA:81,1
DA:82,1
DA:87,1
DA:93,1
DA:94,1
DA:95,1
DA:96,1
DA:97,1
DA:98,1
DA:99,1
DA:100,1
DA:105,1
DA:106,1
DA:107,1
DA:108,1
DA:109,1
DA:110,1
DA:111,1
DA:113,1
DA:114,1
DA:115,1
DA:117,1
DA:118,1
DA:119,1
DA:120,1
DA:121,1
DA:125,1
DA:126,1
DA:127,1
DA:128,1
DA:129,1
DA:130,1
DA:131,1
DA:132,1
DA:136,1
DA:137,1
DA:138,1
DA:141,2
DA:142,2
DA:143,2
DA:144,2
DA:145,2
DA:146,2
DA:149,1
DA:150,1
DA:153,3
DA:154,3
DA:155,3
DA:156,3
DA:159,5
DA:160,1
DA:161,1
DA:162,1
DA:165,5
LF:94
LH:94
BRDA:9,0,0,1
BRDA:9,0,1,4
BRDA:21,1,0,1
BRDA:21,1,1,3
BRDA:21,2,0,4
BRDA:21,2,1,3
BRDA:48,3,0,1
BRDA:48,3,1,4
BRDA:53,4,0,3
BRDA:53,4,1,1
BRDA:53,5,0,4
BRDA:53,5,1,4
BRDA:75,6,0,0
BRDA:75,6,1,1
BRDA:75,7,0,1
BRDA:75,7,1,1
BRDA:78,8,0,0
BRDA:78,8,1,1
BRDA:78,9,0,1
BRDA:78,9,1,0
BRDA:79,10,0,1
BRDA:79,10,1,1
BRDA:81,11,0,1
BRDA:81,11,1,0
BRDA:93,12,0,0
BRDA:93,12,1,1
BRDA:93,13,0,1
BRDA:93,13,1,1
BRDA:96,14,0,0
BRDA:96,14,1,1
BRDA:96,15,0,1
BRDA:96,15,1,0
BRDA:97,16,0,1
BRDA:97,16,1,1
BRDA:99,17,0,1
BRDA:99,17,1,0
BRDA:106,18,0,1
BRDA:106,18,1,0
BRDA:107,19,0,1
BRDA:107,19,1,0
BRDA:108,20,0,0
BRDA:108,20,1,1
BRDA:109,21,0,0
BRDA:109,21,1,1
BRDA:109,22,0,1
BRDA:109,22,1,1
BRDA:109,22,2,1
BRDA:109,22,3,0
BRDA:110,23,0,0
BRDA:110,23,1,1
BRDA:110,24,0,1
BRDA:110,24,1,1
BRDA:110,24,2,1
BRDA:111,25,0,0
BRDA:111,25,1,1
BRDA:111,26,0,1
BRDA:111,26,1,1
BRDA:111,26,2,1
BRDA:111,26,3,1
BRDA:111,26,4,1
BRDA:111,26,5,1
BRDA:114,27,0,0
BRDA:114,27,1,1
BRDA:125,28,0,0
BRDA:125,28,1,1
BRDA:127,29,0,0
BRDA:127,29,1,1
BRDA:127,30,0,1
BRDA:127,30,1,1
BRDA:129,31,0,0
BRDA:129,31,1,1
BRDA:136,32,0,0
BRDA:136,32,1,1
BRDA:141,33,0,0
BRDA:141,33,1,2
BRDA:144,34,0,0
BRDA:144,34,1,2
BRDA:145,35,0,2
BRDA:145,35,1,0
BRDA:149,36,0,0
BRDA:149,36,1,1
BRDA:149,37,0,1
BRDA:149,37,1,0
BRDA:152,38,0,2
BRDA:155,39,0,1
BRDA:155,39,1,2
BRF:86
BRH:61
end_of_record
TN:
SF:backend\utils.js
FN:8,(anonymous_0)
FN:25,(anonymous_1)
FN:30,(anonymous_2)
FN:35,(anonymous_3)
FN:43,(anonymous_4)
FN:49,(anonymous_5)
FN:55,(anonymous_6)
FN:57,(anonymous_7)
FN:64,(anonymous_8)
FN:71,(anonymous_9)
FN:75,(anonymous_10)
FN:81,(anonymous_11)
FN:88,(anonymous_12)
FN:91,(anonymous_13)
FNF:14
FNH:14
FNDA:23,(anonymous_0)
FNDA:10,(anonymous_1)
FNDA:18,(anonymous_2)
FNDA:21,(anonymous_3)
FNDA:14,(anonymous_4)
FNDA:122,(anonymous_5)
FNDA:14,(anonymous_6)
FNDA:98,(anonymous_7)
FNDA:12,(anonymous_8)
FNDA:8,(anonymous_9)
FNDA:8,(anonymous_10)
FNDA:13,(anonymous_11)
FNDA:26,(anonymous_12)
FNDA:125,(anonymous_13)
DA:3,1
DA:4,1
DA:5,1
DA:6,1
DA:9,23
DA:10,20
DA:11,20
DA:12,20
DA:13,18
DA:14,18
DA:15,18
DA:16,14
DA:17,14
DA:18,50
DA:19,50
DA:20,50
DA:22,14
DA:26,10
DA:27,5
DA:31,18
DA:32,16
DA:36,21
DA:37,21
DA:38,21
DA:39,21
DA:40,21
DA:44,14
DA:45,9
DA:46,6
DA:50,122
DA:51,122
DA:52,122
DA:56,14
DA:57,14
DA:58,98
DA:59,98
DA:61,14
DA:65,12
DA:66,12
DA:67,12
DA:68,12
DA:72,8
DA:76,8
DA:77,8
DA:78,8
DA:82,13
DA:83,8
DA:84,6
DA:85,4
DA:89,26
DA:90,26
DA:91,26
DA:92,125
DA:93,89
DA:94,67
DA:95,57
DA:96,50
DA:97,10
DA:98,10
DA:100,46
DA:108,1
DA:109,1
DA:110,1
DA:111,1
DA:114,1
DA:115,1
DA:116,1
DA:117,1
DA:118,1
DA:119,1
DA:120,1
DA:121,1
DA:122,1
DA:123,1
DA:124,1
DA:125,1
LF:76
LH:76
BRDA:8,0,0,12
BRDA:9,1,0,3
BRDA:9,1,1,20
BRDA:9,2,0,23
BRDA:9,2,1,21
BRDA:12,3,0,2
BRDA:12,3,1,18
BRDA:12,4,0,20
BRDA:12,4,1,19
BRDA:12,4,2,19
BRDA:12,4,3,18
BRDA:15,5,0,4
BRDA:15,5,1,14
BRDA:15,6,0,18
BRDA:15,6,1,16
BRDA:26,7,0,5
BRDA:26,7,1,5
BRDA:31,8,0,2
BRDA:31,8,1,16
BRDA:44,9,0,5
BRDA:44,9,1,9
BRDA:45,10,0,3
BRDA:45,10,1,6
BRDA:59,11,0,70
BRDA:59,11,1,28
BRDA:59,12,0,70
BRDA:59,12,1,28
BRDA:71,13,0,0
BRDA:72,14,0,8
BRDA:72,14,1,7
BRDA:72,14,2,5
BRDA:75,15,0,0
BRDA:81,16,0,1
BRDA:82,17,0,5
BRDA:82,17,1,8
BRDA:82,18,0,13
BRDA:82,18,1,9
BRDA:83,19,0,2
BRDA:83,19,1,6
BRDA:83,20,0,8
BRDA:83,20,1,7
BRDA:84,21,0,2
BRDA:84,21,1,4
BRDA:84,22,0,6
BRDA:84,22,1,5
BRDA:88,23,0,0
BRDA:89,24,0,16
BRDA:89,25,0,20
BRDA:89,26,0,21
BRDA:89,27,0,21
BRDA:89,28,0,23
BRDA:89,29,0,23
BRDA:89,30,0,22
BRDA:92,31,0,36
BRDA:92,31,1,89
BRDA:92,32,0,125
BRDA:92,32,1,45
BRDA:93,33,0,22
BRDA:93,33,1,67
BRDA:93,34,0,89
BRDA:93,34,1,30
BRDA:94,35,0,10
BRDA:94,35,1,57
BRDA:94,36,0,67
BRDA:94,36,1,19
BRDA:95,37,0,7
BRDA:95,37,1,50
BRDA:95,38,0,57
BRDA:95,38,1,15
BRDA:96,39,0,10
BRDA:96,39,1,40
BRDA:96,40,0,50
BRDA:96,40,1,15
BRDA:98,41,0,4
BRDA:98,41,1,6
BRF:75
BRH:72
end_of_record
