TN:
SF:server.js
FN:23,resolveFile
FN:63,createHandler
FN:64,(anonymous_2)
FN:84,(anonymous_3)
FNF:4
FNH:4
FNDA:18,resolveFile
FNDA:3,createHandler
FNDA:7,(anonymous_2)
FNDA:1,(anonymous_3)
DA:3,1
DA:4,1
DA:5,1
DA:8,1
DA:25,18
DA:26,18
DA:29,18
DA:30,18
DA:31,3
DA:32,3
DA:33,3
DA:37,15
DA:40,15
DA:41,4
DA:42,4
DA:46,11
DA:47,11
DA:48,9
DA:49,9
DA:50,9
DA:54,2
DA:55,2
DA:64,3
DA:65,7
DA:66,7
DA:67,7
DA:69,6
DA:70,6
DA:72,1
DA:73,1
DA:79,1
DA:80,1
DA:81,1
DA:82,1
DA:84,1
DA:85,1
DA:88,1
LF:37
LH:37
BRDA:30,0,0,3
BRDA:30,0,1,15
BRDA:30,1,0,18
BRDA:30,1,1,6
BRDA:32,2,0,3
BRDA:32,2,1,0
BRDA:40,3,0,4
BRDA:40,3,1,11
BRDA:46,4,0,11
BRDA:46,4,1,0
BRDA:47,5,0,9
BRDA:47,5,1,2
BRDA:47,6,0,11
BRDA:47,6,1,9
BRDA:49,7,0,9
BRDA:49,7,1,1
BRDA:79,8,0,1
BRDA:79,8,1,1
BRF:18
BRH:16
end_of_record
TN:
SF:backend\Admin.js
FN:7,(anonymous_0)
FN:20,(anonymous_1)
FN:24,(anonymous_2)
FN:27,(anonymous_3)
FN:32,(anonymous_4)
FN:35,(anonymous_5)
FN:42,(anonymous_6)
FN:42,(anonymous_7)
FN:47,(anonymous_8)
FN:50,(anonymous_9)
FN:71,(anonymous_10)
FN:84,(anonymous_11)
FN:90,(anonymous_12)
FN:91,(anonymous_13)
FN:106,(anonymous_14)
FN:107,(anonymous_15)
FN:142,(anonymous_16)
FN:148,(anonymous_17)
FN:150,(anonymous_18)
FN:165,(anonymous_19)
FN:182,(anonymous_20)
FN:183,(anonymous_21)
FN:189,(anonymous_22)
FN:193,(anonymous_23)
FN:227,(anonymous_24)
FN:228,(anonymous_25)
FN:234,(anonymous_26)
FN:244,(anonymous_27)
FN:253,(anonymous_28)
FN:258,(anonymous_29)
FN:259,(anonymous_30)
FN:263,(anonymous_31)
FN:282,(anonymous_32)
FN:288,(anonymous_33)
FN:306,(anonymous_34)
FNF:35
FNH:35
FNDA:63,(anonymous_0)
FNDA:2,(anonymous_1)
FNDA:1,(anonymous_2)
FNDA:46,(anonymous_3)
FNDA:6,(anonymous_4)
FNDA:35,(anonymous_5)
FNDA:7,(anonymous_6)
FNDA:13,(anonymous_7)
FNDA:42,(anonymous_8)
FNDA:7,(anonymous_9)
FNDA:10,(anonymous_10)
FNDA:22,(anonymous_11)
FNDA:7,(anonymous_12)
FNDA:8,(anonymous_13)
FNDA:4,(anonymous_14)
FNDA:4,(anonymous_15)
FNDA:4,(anonymous_16)
FNDA:2,(anonymous_17)
FNDA:4,(anonymous_18)
FNDA:5,(anonymous_19)
FNDA:2,(anonymous_20)
FNDA:4,(anonymous_21)
FNDA:4,(anonymous_22)
FNDA:4,(anonymous_23)
FNDA:3,(anonymous_24)
FNDA:3,(anonymous_25)
FNDA:2,(anonymous_26)
FNDA:2,(anonymous_27)
FNDA:1,(anonymous_28)
FNDA:1,(anonymous_29)
FNDA:1,(anonymous_30)
FNDA:1,(anonymous_31)
FNDA:1,(anonymous_32)
FNDA:4,(anonymous_33)
FNDA:3,(anonymous_34)
DA:4,1
DA:8,63
DA:9,63
DA:10,63
DA:11,63
DA:12,63
DA:13,63
DA:14,63
DA:15,63
DA:16,63
DA:17,63
DA:21,2
DA:22,2
DA:23,2
DA:24,2
DA:28,46
DA:29,43
DA:33,6
DA:34,6
DA:35,35
DA:42,13
DA:47,42
DA:51,7
DA:52,7
DA:53,7
DA:54,7
DA:67,7
DA:68,7
DA:72,10
DA:73,10
DA:74,150
DA:75,300
DA:76,300
DA:77,300
DA:78,300
DA:81,10
DA:85,22
DA:86,22
DA:87,22
DA:91,8
DA:92,7
DA:93,7
DA:94,7
DA:95,7
DA:96,3
DA:97,3
DA:98,3
DA:100,4
DA:101,4
DA:102,4
DA:107,4
DA:108,4
DA:109,4
DA:110,4
DA:111,4
DA:112,4
DA:113,4
DA:114,4
DA:115,4
DA:116,4
DA:117,3
DA:126,1
DA:128,4
DA:130,4
DA:131,4
DA:132,1
DA:133,1
DA:134,1
DA:136,3
DA:137,3
DA:139,4
DA:143,4
DA:144,4
DA:145,4
DA:146,2
DA:148,2
DA:149,2
DA:150,4
DA:151,2
DA:154,4
DA:155,4
DA:156,1
DA:157,1
DA:158,1
DA:160,3
DA:161,3
DA:166,5
DA:167,5
DA:168,5
DA:169,5
DA:170,5
DA:171,1
DA:172,1
DA:174,4
DA:175,4
DA:176,4
DA:177,4
DA:178,4
DA:179,4
DA:183,4
DA:184,2
DA:185,2
DA:186,2
DA:190,4
DA:191,4
DA:192,4
DA:193,4
DA:194,4
DA:195,4
DA:196,3
DA:197,1
DA:203,1
DA:204,1
DA:206,2
DA:211,2
DA:214,4
DA:215,3
DA:216,3
DA:217,3
DA:218,3
DA:220,1
DA:222,4
DA:223,4
DA:224,4
DA:228,3
DA:229,3
DA:230,3
DA:231,3
DA:235,2
DA:236,2
DA:237,2
DA:238,1
DA:239,1
DA:240,1
DA:245,2
DA:246,2
DA:247,1
DA:248,1
DA:249,1
DA:254,1
DA:255,1
DA:259,1
DA:260,1
DA:261,1
DA:263,1
DA:264,1
DA:265,1
DA:267,1
DA:268,1
DA:269,1
DA:270,1
DA:272,1
DA:273,1
DA:274,1
DA:275,1
DA:277,1
DA:278,1
DA:279,1
DA:280,1
DA:282,1
DA:283,1
DA:284,1
DA:289,4
DA:290,2
DA:291,2
DA:293,2
DA:294,2
DA:295,2
DA:296,2
DA:297,2
DA:298,2
DA:299,2
DA:300,2
DA:301,2
DA:302,2
DA:303,2
DA:307,3
DA:308,3
DA:313,1
DA:314,1
DA:318,1
LF:181
LH:181
BRDA:28,0,0,3
BRDA:28,0,1,43
BRDA:34,1,0,5
BRDA:34,1,1,1
BRDA:34,2,0,6
BRDA:34,2,1,5
BRDA:34,2,2,5
BRDA:37,3,0,10
BRDA:37,3,1,25
BRDA:38,4,0,5
BRDA:38,4,1,30
BRDA:38,5,0,5
BRDA:38,5,1,25
BRDA:42,6,0,7
BRDA:42,6,1,5
BRDA:51,7,0,1
BRDA:51,7,1,6
BRDA:52,8,0,1
BRDA:52,8,1,6
BRDA:53,9,0,6
BRDA:53,9,1,1
BRDA:58,10,0,1
BRDA:58,10,1,6
BRDA:77,11,0,300
BRDA:77,11,1,210
BRDA:78,12,0,7
BRDA:78,12,1,293
BRDA:87,13,0,22
BRDA:87,13,1,12
BRDA:87,13,2,11
BRDA:95,14,0,3
BRDA:95,14,1,4
BRDA:96,15,0,3
BRDA:96,15,1,0
BRDA:96,16,0,1
BRDA:96,16,1,2
BRDA:97,17,0,3
BRDA:97,17,1,0
BRDA:98,18,0,3
BRDA:98,18,1,0
BRDA:100,19,0,4
BRDA:100,19,1,0
BRDA:101,20,0,4
BRDA:101,20,1,0
BRDA:102,21,0,4
BRDA:102,21,1,0
BRDA:110,22,0,1
BRDA:110,22,1,3
BRDA:111,23,0,3
BRDA:111,23,1,1
BRDA:112,24,0,3
BRDA:112,24,1,1
BRDA:116,25,0,3
BRDA:116,25,1,1
BRDA:118,26,0,1
BRDA:118,26,1,2
BRDA:121,27,0,0
BRDA:121,27,1,3
BRDA:131,28,0,1
BRDA:131,28,1,3
BRDA:137,29,0,3
BRDA:137,29,1,0
BRDA:145,30,0,2
BRDA:145,30,1,2
BRDA:155,31,0,1
BRDA:155,31,1,3
BRDA:155,32,0,4
BRDA:155,32,1,3
BRDA:161,33,0,3
BRDA:161,33,1,0
BRDA:170,34,0,1
BRDA:170,34,1,4
BRDA:170,35,0,5
BRDA:170,35,1,4
BRDA:175,36,0,4
BRDA:175,36,1,0
BRDA:176,37,0,4
BRDA:176,37,1,0
BRDA:196,38,0,1
BRDA:196,38,1,2
BRDA:199,39,0,1
BRDA:199,39,1,0
BRDA:200,40,0,1
BRDA:200,40,1,0
BRDA:203,41,0,0
BRDA:203,41,1,1
BRDA:207,42,0,2
BRDA:207,42,1,0
BRDA:208,43,0,2
BRDA:208,43,1,0
BRDA:211,44,0,1
BRDA:211,44,1,1
BRDA:214,45,0,3
BRDA:214,45,1,1
BRDA:237,46,0,1
BRDA:237,46,1,1
BRDA:237,47,0,2
BRDA:237,47,1,1
BRDA:246,48,0,1
BRDA:246,48,1,1
BRDA:268,49,0,1
BRDA:268,49,1,0
BRDA:273,50,0,1
BRDA:273,50,1,0
BRDA:278,51,0,1
BRDA:278,51,1,0
BRDA:289,52,0,2
BRDA:289,52,1,2
BRDA:315,53,0,1
BRDA:315,53,1,1
BRDA:315,54,0,1
BRDA:315,54,1,1
BRDA:316,55,0,1
BRDA:316,55,1,1
BRDA:316,56,0,1
BRDA:316,56,1,1
BRDA:316,57,0,1
BRDA:316,57,1,1
BRF:118
BRH:99
end_of_record
TN:
SF:backend\SeeFacilities.js
FN:5,(anonymous_0)
FN:14,(anonymous_1)
FN:20,(anonymous_2)
FN:23,(anonymous_3)
FN:28,(anonymous_4)
FN:41,(anonymous_5)
FN:47,(anonymous_6)
FN:58,(anonymous_7)
FN:66,(anonymous_8)
FN:77,(anonymous_9)
FN:78,(anonymous_10)
FN:88,(anonymous_11)
FN:94,(anonymous_12)
FN:110,(anonymous_13)
FN:118,(anonymous_14)
FN:129,(anonymous_15)
FN:130,(anonymous_16)
FN:132,(anonymous_17)
FN:142,(anonymous_18)
FN:157,(anonymous_19)
FN:186,(anonymous_20)
FN:197,(anonymous_21)
FN:213,(anonymous_22)
FN:214,(anonymous_23)
FN:216,(anonymous_24)
FN:225,(anonymous_25)
FN:238,(anonymous_26)
FN:255,(anonymous_27)
FN:266,(anonymous_28)
FN:280,(anonymous_29)
FN:281,(anonymous_30)
FN:291,(anonymous_31)
FN:319,(anonymous_32)
FN:333,(anonymous_33)
FN:338,(anonymous_34)
FNF:35
FNH:33
FNDA:66,(anonymous_0)
FNDA:0,(anonymous_1)
FNDA:0,(anonymous_2)
FNDA:137,(anonymous_3)
FNDA:7,(anonymous_4)
FNDA:11,(anonymous_5)
FNDA:3,(anonymous_6)
FNDA:8,(anonymous_7)
FNDA:6,(anonymous_8)
FNDA:4,(anonymous_9)
FNDA:2,(anonymous_10)
FNDA:9,(anonymous_11)
FNDA:2,(anonymous_12)
FNDA:7,(anonymous_13)
FNDA:5,(anonymous_14)
FNDA:3,(anonymous_15)
FNDA:1,(anonymous_16)
FNDA:1,(anonymous_17)
FNDA:10,(anonymous_18)
FNDA:2,(anonymous_19)
FNDA:7,(anonymous_20)
FNDA:5,(anonymous_21)
FNDA:3,(anonymous_22)
FNDA:1,(anonymous_23)
FNDA:1,(anonymous_24)
FNDA:11,(anonymous_25)
FNDA:3,(anonymous_26)
FNDA:8,(anonymous_27)
FNDA:6,(anonymous_28)
FNDA:4,(anonymous_29)
FNDA:2,(anonymous_30)
FNDA:6,(anonymous_31)
FNDA:2,(anonymous_32)
FNDA:1,(anonymous_33)
FNDA:1,(anonymous_34)
DA:6,66
DA:7,66
DA:8,66
DA:9,66
DA:10,66
DA:11,66
DA:15,0
DA:16,0
DA:17,0
DA:18,0
DA:19,0
DA:20,0
DA:24,137
DA:25,134
DA:29,7
DA:30,7
DA:31,7
DA:32,2
DA:33,2
DA:35,7
DA:36,7
DA:37,7
DA:42,11
DA:43,11
DA:44,10
DA:48,3
DA:49,2
DA:50,2
DA:51,1
DA:52,1
DA:54,1
DA:55,1
DA:59,8
DA:60,8
DA:61,8
DA:62,7
DA:63,1
DA:64,1
DA:66,6
DA:77,6
DA:78,4
DA:79,2
DA:80,2
DA:81,2
DA:82,2
DA:89,9
DA:90,9
DA:91,9
DA:95,2
DA:96,2
DA:101,2
DA:102,1
DA:103,1
DA:105,1
DA:106,1
DA:107,1
DA:111,7
DA:112,7
DA:113,7
DA:114,6
DA:115,1
DA:116,1
DA:118,5
DA:129,5
DA:130,3
DA:131,1
DA:132,1
DA:133,1
DA:134,1
DA:135,1
DA:143,10
DA:150,10
DA:151,1
DA:152,1
DA:154,9
DA:158,2
DA:160,2
DA:172,2
DA:173,1
DA:174,1
DA:177,1
DA:182,1
DA:183,1
DA:187,7
DA:188,7
DA:190,7
DA:192,6
DA:193,1
DA:194,1
DA:197,5
DA:213,5
DA:214,3
DA:215,1
DA:216,1
DA:217,1
DA:218,1
DA:226,11
DA:231,11
DA:232,1
DA:233,1
DA:235,10
DA:239,3
DA:241,2
DA:246,2
DA:247,1
DA:248,1
DA:251,1
DA:252,1
DA:256,8
DA:257,8
DA:259,8
DA:261,7
DA:262,1
DA:263,1
DA:266,6
DA:280,6
DA:281,4
DA:282,2
DA:283,2
DA:284,2
DA:285,2
DA:292,6
DA:293,6
DA:294,6
DA:296,6
DA:309,6
DA:310,6
DA:313,6
DA:314,6
DA:315,1
DA:320,2
DA:329,2
DA:330,2
DA:334,1
DA:335,1
DA:339,1
DA:340,1
DA:341,1
DA:343,0
DA:344,0
DA:345,0
DA:346,0
DA:347,0
DA:348,0
DA:353,1
DA:354,1
DA:358,1
LF:147
LH:135
BRDA:17,0,0,0
BRDA:17,0,1,0
BRDA:18,1,0,0
BRDA:18,1,1,0
BRDA:24,2,0,3
BRDA:24,2,1,134
BRDA:31,3,0,2
BRDA:31,3,1,5
BRDA:31,4,0,7
BRDA:31,4,1,6
BRDA:31,4,2,2
BRDA:33,5,0,2
BRDA:33,5,1,0
BRDA:43,6,0,1
BRDA:43,6,1,10
BRDA:44,7,0,10
BRDA:44,7,1,1
BRDA:48,8,0,1
BRDA:48,8,1,2
BRDA:50,9,0,1
BRDA:50,9,1,1
BRDA:61,10,0,1
BRDA:61,10,1,7
BRDA:62,11,0,1
BRDA:62,11,1,6
BRDA:72,12,0,6
BRDA:72,12,1,5
BRDA:82,13,0,1
BRDA:82,13,1,1
BRDA:90,14,0,0
BRDA:90,14,1,9
BRDA:91,15,0,9
BRDA:91,15,1,1
BRDA:98,16,0,2
BRDA:98,16,1,1
BRDA:99,17,0,2
BRDA:99,17,1,1
BRDA:101,18,0,1
BRDA:101,18,1,1
BRDA:113,19,0,1
BRDA:113,19,1,6
BRDA:114,20,0,1
BRDA:114,20,1,5
BRDA:123,21,0,5
BRDA:123,21,1,0
BRDA:124,22,0,1
BRDA:124,22,1,4
BRDA:133,23,0,1
BRDA:133,23,1,0
BRDA:133,24,0,1
BRDA:133,24,1,1
BRDA:150,25,0,1
BRDA:150,25,1,9
BRDA:154,26,0,9
BRDA:154,26,1,1
BRDA:158,27,0,2
BRDA:158,27,1,0
BRDA:167,28,0,2
BRDA:167,28,1,0
BRDA:172,29,0,1
BRDA:172,29,1,1
BRDA:190,30,0,1
BRDA:190,30,1,6
BRDA:192,31,0,1
BRDA:192,31,1,5
BRDA:202,32,0,5
BRDA:202,32,1,4
BRDA:203,33,0,5
BRDA:203,33,1,4
BRDA:204,34,0,1
BRDA:204,34,1,4
BRDA:217,35,0,1
BRDA:217,35,1,0
BRDA:217,36,0,1
BRDA:217,36,1,1
BRDA:231,37,0,1
BRDA:231,37,1,10
BRDA:235,38,0,10
BRDA:235,38,1,1
BRDA:239,39,0,1
BRDA:239,39,1,2
BRDA:246,40,0,1
BRDA:246,40,1,1
BRDA:259,41,0,1
BRDA:259,41,1,7
BRDA:261,42,0,1
BRDA:261,42,1,6
BRDA:270,43,0,6
BRDA:270,43,1,5
BRDA:271,44,0,6
BRDA:271,44,1,5
BRDA:285,45,0,1
BRDA:285,45,1,1
BRDA:292,46,0,1
BRDA:292,46,1,5
BRDA:293,47,0,1
BRDA:293,47,1,5
BRDA:294,48,0,5
BRDA:294,48,1,1
BRDA:300,49,0,1
BRDA:300,49,1,5
BRDA:314,50,0,1
BRDA:314,50,1,5
BRDA:339,51,0,1
BRDA:339,51,1,0
BRDA:355,52,0,1
BRDA:355,52,1,1
BRDA:355,53,0,1
BRDA:355,53,1,1
BRDA:356,54,0,1
BRDA:356,54,1,1
BRDA:356,55,0,1
BRDA:356,55,1,1
BRDA:356,56,0,1
BRDA:356,56,1,1
BRF:115
BRH:103
end_of_record
TN:
SF:backend\booking.js
FN:12,(anonymous_0)
FN:35,(anonymous_1)
FN:44,(anonymous_2)
FN:49,(anonymous_3)
FN:64,(anonymous_4)
FN:72,(anonymous_5)
FN:79,(anonymous_6)
FN:89,(anonymous_7)
FN:92,(anonymous_8)
FN:116,(anonymous_9)
FN:129,(anonymous_10)
FN:139,(anonymous_11)
FN:154,(anonymous_12)
FN:168,(anonymous_13)
FN:174,(anonymous_14)
FN:175,(anonymous_15)
FN:180,(anonymous_16)
FN:218,(anonymous_17)
FN:221,(anonymous_18)
FN:230,(anonymous_19)
FN:239,(anonymous_20)
FN:252,(anonymous_21)
FN:258,(anonymous_22)
FN:294,(anonymous_23)
FN:299,(anonymous_24)
FN:304,(anonymous_25)
FN:305,(anonymous_26)
FN:311,(anonymous_27)
FN:318,(anonymous_28)
FN:338,(anonymous_29)
FN:343,(anonymous_30)
FN:356,(anonymous_31)
FN:357,(anonymous_32)
FN:363,(anonymous_33)
FN:364,(anonymous_34)
FN:375,(anonymous_35)
FN:383,(anonymous_36)
FN:391,(anonymous_37)
FN:446,(anonymous_38)
FN:458,(anonymous_39)
FN:459,(anonymous_40)
FN:464,(anonymous_41)
FN:664,(anonymous_42)
FN:696,(anonymous_43)
FN:708,(anonymous_44)
FNF:45
FNH:24
FNDA:44,(anonymous_0)
FNDA:21,(anonymous_1)
FNDA:6,(anonymous_2)
FNDA:5,(anonymous_3)
FNDA:7,(anonymous_4)
FNDA:3,(anonymous_5)
FNDA:14,(anonymous_6)
FNDA:1,(anonymous_7)
FNDA:4,(anonymous_8)
FNDA:2,(anonymous_9)
FNDA:3,(anonymous_10)
FNDA:1,(anonymous_11)
FNDA:4,(anonymous_12)
FNDA:3,(anonymous_13)
FNDA:3,(anonymous_14)
FNDA:1,(anonymous_15)
FNDA:0,(anonymous_16)
FNDA:3,(anonymous_17)
FNDA:14,(anonymous_18)
FNDA:1,(anonymous_19)
FNDA:0,(anonymous_20)
FNDA:0,(anonymous_21)
FNDA:0,(anonymous_22)
FNDA:0,(anonymous_23)
FNDA:0,(anonymous_24)
FNDA:0,(anonymous_25)
FNDA:0,(anonymous_26)
FNDA:0,(anonymous_27)
FNDA:0,(anonymous_28)
FNDA:0,(anonymous_29)
FNDA:0,(anonymous_30)
FNDA:0,(anonymous_31)
FNDA:0,(anonymous_32)
FNDA:0,(anonymous_33)
FNDA:0,(anonymous_34)
FNDA:4,(anonymous_35)
FNDA:2,(anonymous_36)
FNDA:0,(anonymous_37)
FNDA:0,(anonymous_38)
FNDA:0,(anonymous_39)
FNDA:0,(anonymous_40)
FNDA:4,(anonymous_41)
FNDA:0,(anonymous_42)
FNDA:2,(anonymous_43)
FNDA:1,(anonymous_44)
DA:6,1
DA:7,1
DA:8,1
DA:9,1
DA:13,44
DA:14,44
DA:15,44
DA:16,44
DA:17,44
DA:18,44
DA:19,44
DA:20,44
DA:21,44
DA:22,44
DA:23,44
DA:24,44
DA:25,44
DA:26,44
DA:27,44
DA:28,44
DA:29,44
DA:30,44
DA:36,21
DA:37,19
DA:45,6
DA:46,4
DA:50,5
DA:51,3
DA:52,3
DA:53,3
DA:54,3
DA:55,3
DA:56,3
DA:57,14
DA:58,14
DA:59,14
DA:61,3
DA:65,7
DA:66,7
DA:67,7
DA:73,3
DA:78,3
DA:79,2
DA:80,14
DA:81,14
DA:87,2
DA:89,1
DA:94,4
DA:100,4
DA:101,1
DA:102,1
DA:103,1
DA:106,3
DA:107,1
DA:108,1
DA:109,1
DA:113,2
DA:116,2
DA:124,2
DA:130,3
DA:133,3
DA:139,3
DA:142,2
DA:151,2
DA:155,4
DA:156,2
DA:157,2
DA:159,2
DA:165,2
DA:167,2
DA:169,3
DA:170,3
DA:171,3
DA:174,3
DA:175,2
DA:181,0
DA:182,0
DA:183,0
DA:184,0
DA:219,3
DA:220,3
DA:221,2
DA:222,14
DA:223,14
DA:224,13
DA:226,1
DA:231,1
DA:232,3
DA:233,3
DA:240,0
DA:241,0
DA:242,0
DA:243,0
DA:244,0
DA:245,0
DA:246,0
DA:247,0
DA:253,0
DA:254,0
DA:255,0
DA:256,0
DA:258,0
DA:259,0
DA:261,0
DA:262,0
DA:263,0
DA:264,0
DA:265,0
DA:266,0
DA:267,0
DA:268,0
DA:269,0
DA:270,0
DA:272,0
DA:273,0
DA:274,0
DA:275,0
DA:277,0
DA:278,0
DA:281,0
DA:294,0
DA:295,0
DA:296,0
DA:297,0
DA:299,0
DA:300,0
DA:301,0
DA:302,0
DA:304,0
DA:305,0
DA:306,0
DA:307,0
DA:308,0
DA:311,0
DA:312,0
DA:319,0
DA:321,0
DA:322,0
DA:323,0
DA:327,0
DA:328,0
DA:338,0
DA:339,0
DA:342,0
DA:343,0
DA:344,0
DA:347,0
DA:356,0
DA:357,0
DA:358,0
DA:359,0
DA:360,0
DA:363,0
DA:364,0
DA:365,0
DA:366,0
DA:367,0
DA:368,0
DA:376,4
DA:377,1
DA:379,3
DA:380,1
DA:382,2
DA:383,2
DA:384,2
DA:385,2
DA:386,2
DA:388,2
DA:392,0
DA:396,0
DA:445,0
DA:446,0
DA:447,0
DA:448,0
DA:449,0
DA:452,0
DA:453,0
DA:454,0
DA:455,0
DA:458,0
DA:459,0
DA:465,4
DA:466,4
DA:467,4
DA:468,4
DA:469,4
DA:470,4
DA:471,4
DA:474,4
DA:475,1
DA:476,1
DA:477,1
DA:481,3
DA:482,3
DA:483,1
DA:484,1
DA:485,1
DA:488,2
DA:489,2
DA:490,2
DA:492,2
DA:499,2
DA:501,2
DA:502,2
DA:504,2
DA:506,1
DA:507,1
DA:508,1
DA:509,1
DA:510,1
DA:511,1
DA:515,0
DA:516,0
DA:517,0
DA:520,0
DA:521,0
DA:524,0
DA:525,0
DA:526,0
DA:527,0
DA:528,0
DA:529,0
DA:533,0
DA:534,0
DA:538,0
DA:539,0
DA:541,0
DA:542,0
DA:543,0
DA:544,0
DA:545,0
DA:552,0
DA:553,0
DA:555,0
DA:559,1
DA:560,1
DA:561,0
DA:562,0
DA:563,0
DA:564,0
DA:565,0
DA:566,0
DA:567,0
DA:572,1
DA:573,0
DA:574,0
DA:575,0
DA:576,0
DA:577,0
DA:581,1
DA:582,1
DA:583,1
DA:584,1
DA:588,1
DA:602,1
DA:603,1
DA:605,1
DA:606,1
DA:607,0
DA:608,0
DA:609,0
DA:610,0
DA:611,0
DA:612,0
DA:616,1
DA:620,1
DA:647,1
DA:652,1
DA:659,1
DA:665,0
DA:666,0
DA:669,0
DA:673,0
DA:697,2
DA:709,1
DA:710,1
DA:711,1
DA:713,0
DA:714,0
DA:715,0
DA:720,1
DA:721,1
DA:729,1
LF:283
LH:149
BRDA:36,0,0,2
BRDA:36,0,1,19
BRDA:45,1,0,2
BRDA:45,1,1,4
BRDA:50,2,0,2
BRDA:50,2,1,3
BRDA:50,3,0,5
BRDA:50,3,1,4
BRDA:78,4,0,2
BRDA:78,4,1,1
BRDA:78,5,0,3
BRDA:78,5,1,2
BRDA:78,5,2,2
BRDA:82,6,0,10
BRDA:82,6,1,4
BRDA:83,7,0,10
BRDA:83,7,1,4
BRDA:100,8,0,1
BRDA:100,8,1,3
BRDA:106,9,0,1
BRDA:106,9,1,2
BRDA:106,10,0,3
BRDA:106,10,1,3
BRDA:118,11,0,2
BRDA:118,11,1,1
BRDA:118,11,2,0
BRDA:118,11,3,0
BRDA:118,11,4,0
BRDA:119,12,0,2
BRDA:119,12,1,1
BRDA:119,12,2,0
BRDA:119,12,3,0
BRDA:119,12,4,0
BRDA:120,13,0,2
BRDA:120,13,1,1
BRDA:120,13,2,1
BRDA:120,13,3,0
BRDA:139,14,0,1
BRDA:139,14,1,2
BRDA:139,15,0,1
BRDA:139,15,1,1
BRDA:139,15,2,1
BRDA:155,16,0,2
BRDA:155,16,1,2
BRDA:155,17,0,4
BRDA:155,17,1,3
BRDA:181,18,0,0
BRDA:181,18,1,0
BRDA:182,19,0,0
BRDA:182,19,1,0
BRDA:183,20,0,0
BRDA:183,20,1,0
BRDA:191,21,0,0
BRDA:191,21,1,0
BRDA:191,22,0,0
BRDA:191,22,1,0
BRDA:220,23,0,1
BRDA:220,23,1,2
BRDA:223,24,0,13
BRDA:223,24,1,1
BRDA:223,25,0,14
BRDA:223,25,1,4
BRDA:233,26,0,3
BRDA:233,26,1,0
BRDA:234,27,0,1
BRDA:234,27,1,2
BRDA:235,28,0,1
BRDA:235,28,1,2
BRDA:244,29,0,0
BRDA:244,29,1,0
BRDA:245,30,0,0
BRDA:245,30,1,0
BRDA:246,31,0,0
BRDA:246,31,1,0
BRDA:247,32,0,0
BRDA:247,32,1,0
BRDA:266,33,0,0
BRDA:266,33,1,0
BRDA:270,34,0,0
BRDA:270,34,1,0
BRDA:273,35,0,0
BRDA:273,35,1,0
BRDA:274,36,0,0
BRDA:274,36,1,0
BRDA:275,37,0,0
BRDA:275,37,1,0
BRDA:277,38,0,0
BRDA:277,38,1,0
BRDA:277,38,2,0
BRDA:278,39,0,0
BRDA:278,39,1,0
BRDA:290,40,0,0
BRDA:290,40,1,0
BRDA:296,41,0,0
BRDA:296,41,1,0
BRDA:301,42,0,0
BRDA:301,42,1,0
BRDA:312,43,0,0
BRDA:312,43,1,0
BRDA:319,44,0,0
BRDA:319,44,1,0
BRDA:327,45,0,0
BRDA:327,45,1,0
BRDA:327,46,0,0
BRDA:327,46,1,0
BRDA:327,46,2,0
BRDA:327,46,3,0
BRDA:344,47,0,0
BRDA:344,47,1,0
BRDA:352,48,0,0
BRDA:352,48,1,0
BRDA:358,49,0,0
BRDA:358,49,1,0
BRDA:376,50,0,1
BRDA:376,50,1,3
BRDA:379,51,0,1
BRDA:379,51,1,2
BRDA:384,52,0,1
BRDA:384,52,1,1
BRDA:385,53,0,1
BRDA:385,53,1,1
BRDA:448,54,0,0
BRDA:448,54,1,0
BRDA:449,55,0,0
BRDA:449,55,1,0
BRDA:453,56,0,0
BRDA:453,56,1,0
BRDA:474,57,0,1
BRDA:474,57,1,3
BRDA:474,58,0,4
BRDA:474,58,1,3
BRDA:474,58,2,3
BRDA:482,59,0,1
BRDA:482,59,1,2
BRDA:504,60,0,1
BRDA:504,60,1,1
BRDA:506,61,0,1
BRDA:506,61,1,0
BRDA:525,62,0,0
BRDA:525,62,1,0
BRDA:527,63,0,0
BRDA:527,63,1,0
BRDA:539,64,0,0
BRDA:539,64,1,0
BRDA:542,65,0,0
BRDA:542,65,1,0
BRDA:553,66,0,0
BRDA:553,66,1,0
BRDA:560,67,0,0
BRDA:560,67,1,1
BRDA:572,68,0,0
BRDA:572,68,1,1
BRDA:596,69,0,1
BRDA:596,69,1,1
BRDA:597,70,0,1
BRDA:597,70,1,1
BRDA:606,71,0,0
BRDA:606,71,1,1
BRDA:616,72,0,1
BRDA:616,72,1,0
BRDA:631,73,0,1
BRDA:631,73,1,1
BRDA:669,74,0,0
BRDA:669,74,1,0
BRDA:709,75,0,1
BRDA:709,75,1,0
BRDA:723,76,0,1
BRDA:723,76,1,1
BRDA:724,77,0,1
BRDA:724,77,1,1
BRDA:725,78,0,1
BRDA:725,78,1,1
BRDA:726,79,0,1
BRDA:726,79,1,1
BRDA:727,80,0,1
BRDA:727,80,1,1
BRF:176
BRH:89
end_of_record
TN:
SF:backend\dashboard.js
FN:5,(anonymous_0)
FN:18,(anonymous_1)
FN:27,(anonymous_2)
FNF:3
FNH:3
FNDA:2,(anonymous_0)
FNDA:1,(anonymous_1)
FNDA:1,(anonymous_2)
DA:6,2
DA:7,2
DA:8,1
DA:9,1
DA:10,1
DA:12,1
DA:13,1
DA:14,1
DA:15,1
DA:19,1
DA:20,1
DA:21,1
DA:25,2
DA:26,2
DA:27,2
LF:15
LH:15
BRDA:7,0,0,1
BRDA:7,0,1,1
BRF:2
BRH:2
end_of_record
TN:
SF:backend\login.js
FN:4,(anonymous_0)
FN:29,(anonymous_1)
FN:34,(anonymous_2)
FN:39,(anonymous_3)
FN:50,(anonymous_4)
FN:57,(anonymous_5)
FN:79,(anonymous_6)
FN:88,(anonymous_7)
FN:104,(anonymous_8)
FN:128,(anonymous_9)
FN:138,(anonymous_10)
FN:163,(anonymous_11)
FN:164,(anonymous_12)
FN:170,(anonymous_13)
FN:176,(anonymous_14)
FN:198,(anonymous_15)
FN:200,(anonymous_16)
FN:208,(anonymous_17)
FN:257,(anonymous_18)
FN:323,(anonymous_19)
FN:354,(anonymous_20)
FN:382,(anonymous_21)
FN:402,(anonymous_22)
FN:415,(anonymous_23)
FN:423,(anonymous_24)
FN:424,(anonymous_25)
FN:425,(anonymous_26)
FN:426,(anonymous_27)
FN:428,(anonymous_28)
FN:433,(anonymous_29)
FN:438,(anonymous_30)
FN:442,(anonymous_31)
FN:449,(anonymous_32)
FNF:33
FNH:15
FNDA:44,(anonymous_0)
FNDA:2,(anonymous_1)
FNDA:0,(anonymous_2)
FNDA:4,(anonymous_3)
FNDA:15,(anonymous_4)
FNDA:8,(anonymous_5)
FNDA:44,(anonymous_6)
FNDA:0,(anonymous_7)
FNDA:0,(anonymous_8)
FNDA:0,(anonymous_9)
FNDA:0,(anonymous_10)
FNDA:0,(anonymous_11)
FNDA:0,(anonymous_12)
FNDA:44,(anonymous_13)
FNDA:0,(anonymous_14)
FNDA:8,(anonymous_15)
FNDA:5,(anonymous_16)
FNDA:0,(anonymous_17)
FNDA:9,(anonymous_18)
FNDA:0,(anonymous_19)
FNDA:5,(anonymous_20)
FNDA:2,(anonymous_21)
FNDA:2,(anonymous_22)
FNDA:2,(anonymous_23)
FNDA:44,(anonymous_24)
FNDA:0,(anonymous_25)
FNDA:0,(anonymous_26)
FNDA:0,(anonymous_27)
FNDA:0,(anonymous_28)
FNDA:0,(anonymous_29)
FNDA:0,(anonymous_30)
FNDA:0,(anonymous_31)
FNDA:0,(anonymous_32)
DA:5,44
DA:7,44
DA:8,44
DA:9,44
DA:10,44
DA:11,44
DA:13,44
DA:14,44
DA:16,44
DA:17,44
DA:19,44
DA:20,44
DA:21,44
DA:23,44
DA:24,44
DA:25,44
DA:30,2
DA:31,2
DA:32,2
DA:34,2
DA:35,0
DA:40,4
DA:41,4
DA:43,4
DA:44,1
DA:46,3
DA:51,15
DA:52,15
DA:53,15
DA:54,15
DA:58,8
DA:60,8
DA:61,1
DA:64,8
DA:65,3
DA:68,5
DA:69,2
DA:72,3
DA:73,1
DA:76,2
DA:80,44
DA:81,44
DA:82,44
DA:84,44
DA:88,0
DA:89,0
DA:91,0
DA:93,0
DA:94,0
DA:96,0
DA:98,0
DA:99,0
DA:100,0
DA:101,0
DA:104,0
DA:105,0
DA:111,0
DA:112,0
DA:113,0
DA:116,0
DA:117,0
DA:122,0
DA:123,0
DA:126,0
DA:128,0
DA:129,0
DA:130,0
DA:132,0
DA:138,0
DA:139,0
DA:141,0
DA:142,0
DA:143,0
DA:145,0
DA:146,0
DA:148,0
DA:150,0
DA:156,0
DA:159,0
DA:163,0
DA:164,0
DA:165,0
DA:171,44
DA:172,44
DA:174,44
DA:176,9
DA:177,0
DA:179,0
DA:181,0
DA:182,0
DA:183,0
DA:184,0
DA:185,0
DA:189,0
DA:190,0
DA:192,0
DA:193,0
DA:199,8
DA:200,5
DA:201,5
DA:202,4
DA:203,2
DA:204,0
DA:209,0
DA:211,0
DA:212,0
DA:213,0
DA:215,0
DA:216,0
DA:217,0
DA:218,0
DA:220,0
DA:222,0
DA:223,0
DA:224,0
DA:226,0
DA:227,0
DA:229,0
DA:232,0
DA:239,0
DA:241,0
DA:243,0
DA:246,0
DA:250,0
DA:251,0
DA:254,0
DA:258,9
DA:260,9
DA:261,9
DA:262,9
DA:263,9
DA:265,9
DA:266,9
DA:267,9
DA:269,9
DA:270,9
DA:272,9
DA:273,1
DA:274,1
DA:277,8
DA:278,1
DA:279,1
DA:282,7
DA:283,1
DA:284,1
DA:287,6
DA:288,1
DA:289,1
DA:292,5
DA:295,5
DA:298,3
DA:304,3
DA:305,1
DA:306,1
DA:309,2
DA:319,2
DA:320,1
DA:322,1
DA:323,1
DA:324,0
DA:325,0
DA:326,0
DA:327,0
DA:328,0
DA:329,0
DA:330,0
DA:333,2
DA:337,2
DA:347,2
DA:348,1
DA:350,1
DA:355,5
DA:356,5
DA:358,5
DA:360,4
DA:362,4
DA:363,4
DA:364,2
DA:365,2
DA:367,1
DA:369,2
DA:370,2
DA:372,1
DA:373,1
DA:376,2
DA:378,4
DA:383,2
DA:385,2
DA:387,2
DA:388,2
DA:395,2
DA:397,1
DA:398,1
DA:403,2
DA:405,2
DA:406,2
DA:407,2
DA:409,2
DA:410,2
DA:412,2
DA:416,2
DA:418,2
DA:419,1
DA:424,44
DA:425,44
DA:426,44
DA:428,44
DA:430,0
DA:433,44
DA:435,0
DA:438,44
DA:439,0
DA:442,44
DA:443,0
DA:444,0
DA:449,1
DA:450,0
LF:217
LH:130
BRDA:43,0,0,1
BRDA:43,0,1,3
BRDA:46,1,0,2
BRDA:46,1,1,1
BRDA:54,2,0,15
BRDA:54,2,1,4
BRDA:60,3,0,1
BRDA:60,3,1,7
BRDA:64,4,0,3
BRDA:64,4,1,5
BRDA:68,5,0,2
BRDA:68,5,1,3
BRDA:69,6,0,1
BRDA:69,6,1,1
BRDA:72,7,0,1
BRDA:72,7,1,2
BRDA:73,8,0,0
BRDA:73,8,1,1
BRDA:84,9,0,44
BRDA:84,9,1,0
BRDA:84,10,0,44
BRDA:84,10,1,9
BRDA:96,11,0,0
BRDA:96,11,1,0
BRDA:98,12,0,0
BRDA:98,12,1,0
BRDA:111,13,0,0
BRDA:111,13,1,0
BRDA:116,14,0,0
BRDA:116,14,1,0
BRDA:116,15,0,0
BRDA:116,15,1,0
BRDA:135,16,0,0
BRDA:135,16,1,0
BRDA:148,17,0,0
BRDA:148,17,1,0
BRDA:174,18,0,35
BRDA:174,18,1,9
BRDA:181,19,0,0
BRDA:181,19,1,0
BRDA:181,20,0,0
BRDA:181,20,1,0
BRDA:184,21,0,0
BRDA:184,21,1,0
BRDA:185,22,0,0
BRDA:185,22,1,0
BRDA:199,23,0,3
BRDA:199,23,1,5
BRDA:201,24,0,1
BRDA:201,24,1,4
BRDA:202,25,0,2
BRDA:202,25,1,2
BRDA:203,26,0,2
BRDA:203,26,1,0
BRDA:226,27,0,0
BRDA:226,27,1,0
BRDA:272,28,0,1
BRDA:272,28,1,8
BRDA:272,29,0,9
BRDA:272,29,1,8
BRDA:277,30,0,1
BRDA:277,30,1,7
BRDA:282,31,0,1
BRDA:282,31,1,6
BRDA:282,32,0,7
BRDA:282,32,1,6
BRDA:287,33,0,1
BRDA:287,33,1,5
BRDA:287,34,0,6
BRDA:287,34,1,6
BRDA:295,35,0,3
BRDA:295,35,1,2
BRDA:304,36,0,1
BRDA:304,36,1,2
BRDA:319,37,0,1
BRDA:319,37,1,1
BRDA:347,38,0,1
BRDA:347,38,1,1
BRDA:358,39,0,1
BRDA:358,39,1,4
BRDA:358,40,0,5
BRDA:358,40,1,4
BRDA:363,41,0,2
BRDA:363,41,1,2
BRDA:365,42,0,1
BRDA:365,42,1,1
BRDA:370,43,0,1
BRDA:370,43,1,1
BRDA:395,44,0,1
BRDA:395,44,1,1
BRDA:405,45,0,1
BRDA:405,45,1,1
BRDA:406,46,0,1
BRDA:406,46,1,1
BRDA:407,47,0,1
BRDA:407,47,1,1
BRDA:409,48,0,1
BRDA:409,48,1,1
BRDA:410,49,0,1
BRDA:410,49,1,1
BRDA:418,50,0,1
BRDA:418,50,1,1
BRF:102
BRH:75
end_of_record
TN:
SF:backend\notificationService.js
FN:6,(anonymous_0)
FN:26,(anonymous_1)
FN:46,(anonymous_2)
FN:60,(anonymous_3)
FN:74,(anonymous_4)
FN:88,(anonymous_5)
FN:102,(anonymous_6)
FNF:7
FNH:7
FNDA:5,(anonymous_0)
FNDA:4,(anonymous_1)
FNDA:4,(anonymous_2)
FNDA:3,(anonymous_3)
FNDA:3,(anonymous_4)
FNDA:3,(anonymous_5)
FNDA:5,(anonymous_6)
DA:7,5
DA:8,5
DA:9,5
DA:18,4
DA:19,3
DA:21,1
DA:22,1
DA:27,4
DA:28,4
DA:35,3
DA:36,1
DA:37,1
DA:39,2
DA:41,1
DA:42,1
DA:47,4
DA:48,4
DA:49,3
DA:50,1
DA:51,1
DA:53,2
DA:55,1
DA:56,1
DA:61,3
DA:62,3
DA:63,2
DA:64,1
DA:65,1
DA:67,1
DA:69,1
DA:70,1
DA:75,3
DA:76,3
DA:77,2
DA:78,1
DA:79,1
DA:81,1
DA:83,1
DA:84,1
DA:89,3
DA:90,3
DA:91,2
DA:92,1
DA:93,1
DA:95,1
DA:97,1
DA:98,1
DA:103,5
DA:104,5
DA:105,4
DA:106,1
DA:107,1
DA:109,3
DA:111,1
DA:112,1
DA:118,1
DA:119,1
DA:120,1
DA:121,1
DA:122,1
DA:123,1
DA:124,1
LF:62
LH:62
BRDA:18,0,0,1
BRDA:18,0,1,3
BRDA:26,1,0,2
BRDA:35,2,0,1
BRDA:35,2,1,2
BRDA:49,3,0,1
BRDA:49,3,1,2
BRDA:53,4,0,2
BRDA:53,4,1,1
BRDA:63,5,0,1
BRDA:63,5,1,1
BRDA:77,6,0,1
BRDA:77,6,1,1
BRDA:91,7,0,1
BRDA:91,7,1,1
BRDA:105,8,0,1
BRDA:105,8,1,3
BRDA:109,9,0,3
BRDA:109,9,1,2
BRF:19
BRH:19
end_of_record
TN:
SF:backend\pending-approval.js
FN:5,(anonymous_0)
FN:9,(anonymous_1)
FN:40,(anonymous_2)
FN:47,(anonymous_3)
FN:49,(anonymous_4)
FN:56,(anonymous_5)
FNF:6
FNH:5
FNDA:3,(anonymous_0)
FNDA:3,(anonymous_1)
FNDA:1,(anonymous_2)
FNDA:3,(anonymous_3)
FNDA:0,(anonymous_4)
FNDA:1,(anonymous_5)
DA:6,3
DA:10,3
DA:11,3
DA:12,1
DA:13,1
DA:14,1
DA:16,2
DA:17,2
DA:18,2
DA:20,2
DA:21,2
DA:22,1
DA:23,1
DA:24,1
DA:25,1
DA:26,0
DA:29,2
DA:30,2
DA:31,1
DA:32,1
DA:33,1
DA:35,1
DA:36,1
DA:41,1
DA:42,1
DA:43,1
DA:44,1
DA:48,3
DA:49,3
DA:53,3
DA:54,3
DA:55,3
DA:56,3
LF:33
LH:32
BRDA:11,0,0,1
BRDA:11,0,1,2
BRDA:18,1,0,2
BRDA:18,1,1,0
BRDA:21,2,0,1
BRDA:21,2,1,1
BRDA:24,3,0,1
BRDA:24,3,1,0
BRDA:25,4,0,1
BRDA:25,4,1,0
BRDA:30,5,0,1
BRDA:30,5,1,1
BRDA:36,6,0,1
BRDA:36,6,1,0
BRDA:56,7,0,3
BRDA:56,7,1,0
BRF:16
BRH:11
end_of_record
TN:
SF:backend\receptionist-appointments.js
FN:14,getCurrentReceptionist
FN:48,formatDate
FN:58,formatTime
FN:64,statusClass
FN:75,renderAppointments
FN:87,(anonymous_5)
FN:134,(anonymous_6)
FN:135,(anonymous_7)
FN:142,loadAppointments
FN:173,searchAppointments
FN:181,(anonymous_10)
FN:197,checkInAppointment
FN:213,(anonymous_12)
FN:223,init
FNF:14
FNH:14
FNDA:4,getCurrentReceptionist
FNDA:13,formatDate
FNDA:13,formatTime
FNDA:13,statusClass
FNDA:5,renderAppointments
FNDA:13,(anonymous_5)
FNDA:4,(anonymous_6)
FNDA:2,(anonymous_7)
FNDA:3,loadAppointments
FNDA:3,searchAppointments
FNDA:8,(anonymous_10)
FNDA:2,checkInAppointment
FNDA:1,(anonymous_12)
FNDA:4,init
DA:3,4
DA:4,4
DA:5,4
DA:6,4
DA:7,4
DA:8,4
DA:10,4
DA:11,4
DA:12,4
DA:15,4
DA:17,4
DA:18,1
DA:19,1
DA:22,3
DA:23,3
DA:25,3
DA:31,3
DA:32,1
DA:33,1
DA:34,1
DA:37,2
DA:38,2
DA:40,2
DA:41,2
DA:43,2
DA:45,2
DA:49,13
DA:51,4
DA:59,13
DA:61,4
DA:65,13
DA:67,13
DA:68,10
DA:69,7
DA:70,7
DA:72,7
DA:76,5
DA:77,1
DA:84,1
DA:87,4
DA:88,13
DA:90,13
DA:92,13
DA:93,13
DA:96,13
DA:99,13
DA:134,4
DA:135,4
DA:136,2
DA:137,2
DA:143,3
DA:151,3
DA:158,3
DA:159,1
DA:166,1
DA:169,2
DA:170,2
DA:174,3
DA:176,3
DA:177,1
DA:178,1
DA:181,2
DA:182,8
DA:191,8
DA:194,2
DA:198,2
DA:205,2
DA:206,1
DA:207,1
DA:210,1
DA:213,4
DA:214,1
DA:215,1
DA:216,1
DA:219,4
DA:221,4
DA:224,4
DA:226,4
DA:228,2
DA:231,4
LF:80
LH:80
BRDA:17,0,0,1
BRDA:17,0,1,3
BRDA:31,1,0,1
BRDA:31,1,1,2
BRDA:31,2,0,3
BRDA:31,2,1,2
BRDA:49,3,0,9
BRDA:49,3,1,4
BRDA:59,4,0,9
BRDA:59,4,1,4
BRDA:65,5,0,13
BRDA:65,5,1,0
BRDA:67,6,0,3
BRDA:67,6,1,10
BRDA:68,7,0,3
BRDA:68,7,1,7
BRDA:69,8,0,0
BRDA:69,8,1,7
BRDA:70,9,0,0
BRDA:70,9,1,7
BRDA:76,10,0,1
BRDA:76,10,1,4
BRDA:76,11,0,5
BRDA:76,11,1,5
BRDA:88,12,0,13
BRDA:88,12,1,0
BRDA:96,13,0,13
BRDA:96,13,1,10
BRDA:101,14,0,13
BRDA:101,14,1,3
BRDA:102,15,0,13
BRDA:102,15,1,3
BRDA:105,16,0,13
BRDA:105,16,1,9
BRDA:114,17,0,3
BRDA:114,17,1,10
BRDA:116,18,0,3
BRDA:116,18,1,7
BRDA:122,19,0,3
BRDA:122,19,1,4
BRDA:124,20,0,3
BRDA:124,20,1,4
BRDA:158,21,0,1
BRDA:158,21,1,2
BRDA:169,22,0,2
BRDA:169,22,1,0
BRDA:176,23,0,1
BRDA:176,23,1,2
BRDA:205,24,0,1
BRDA:205,24,1,1
BRDA:226,25,0,2
BRDA:226,25,1,2
BRF:52
BRH:47
end_of_record
TN:
SF:backend\receptionist-dashboard.js
FN:7,loadReceptionistDashboard
FN:38,(anonymous_1)
FNF:2
FNH:2
FNDA:3,loadReceptionistDashboard
FNDA:1,(anonymous_1)
DA:3,3
DA:4,3
DA:5,3
DA:8,3
DA:10,3
DA:11,1
DA:12,1
DA:15,2
DA:17,2
DA:19,2
DA:25,2
DA:26,1
DA:27,1
DA:28,1
DA:31,1
DA:32,1
DA:33,1
DA:35,1
DA:38,3
DA:39,1
DA:40,1
DA:41,1
DA:44,3
LF:23
LH:23
BRDA:10,0,0,1
BRDA:10,0,1,2
BRDA:25,1,0,1
BRDA:25,1,1,1
BRDA:25,2,0,2
BRDA:25,2,1,1
BRDA:35,3,0,1
BRDA:35,3,1,0
BRF:8
BRH:7
end_of_record
TN:
SF:backend\redirect.js
FN:4,(anonymous_0)
FN:8,(anonymous_1)
FN:69,ensurePatientRecord
FN:179,(anonymous_3)
FNF:4
FNH:4
FNDA:15,(anonymous_0)
FNDA:15,(anonymous_1)
FNDA:3,ensurePatientRecord
FNDA:1,(anonymous_3)
DA:5,15
DA:9,15
DA:11,15
DA:12,1
DA:13,1
DA:14,1
DA:17,14
DA:18,14
DA:19,14
DA:21,14
DA:27,14
DA:33,14
DA:39,14
DA:46,14
DA:52,14
DA:54,14
DA:55,12
DA:56,10
DA:57,8
DA:58,6
DA:61,14
DA:62,14
DA:63,14
DA:64,14
DA:65,14
DA:66,14
DA:67,14
DA:70,3
DA:76,3
DA:77,1
DA:88,14
DA:89,7
DA:90,1
DA:91,1
DA:92,1
DA:95,6
DA:96,1
DA:97,1
DA:98,1
DA:99,1
DA:100,1
DA:103,5
DA:104,1
DA:105,1
DA:106,1
DA:109,4
DA:110,1
DA:111,1
DA:112,1
DA:116,3
DA:117,1
DA:118,1
DA:119,1
DA:122,2
DA:123,2
DA:124,2
DA:125,2
DA:128,7
DA:129,1
DA:130,1
DA:131,1
DA:134,6
DA:135,1
DA:136,1
DA:137,1
DA:138,1
DA:139,1
DA:143,5
DA:144,1
DA:145,1
DA:146,1
DA:149,4
DA:150,1
DA:151,1
DA:152,1
DA:155,3
DA:156,1
DA:157,1
DA:158,1
DA:161,2
DA:162,1
DA:163,1
DA:164,1
DA:165,1
DA:168,1
DA:169,1
DA:170,1
DA:172,1
DA:173,1
DA:175,1
DA:176,1
DA:179,1
DA:180,1
DA:181,1
DA:186,15
DA:187,15
LF:96
LH:96
BRDA:11,0,0,1
BRDA:11,0,1,14
BRDA:19,1,0,14
BRDA:19,1,1,0
BRDA:54,2,0,2
BRDA:54,2,1,12
BRDA:55,3,0,2
BRDA:55,3,1,10
BRDA:56,4,0,2
BRDA:56,4,1,8
BRDA:57,5,0,2
BRDA:57,5,1,6
BRDA:58,6,0,2
BRDA:58,6,1,4
BRDA:76,7,0,1
BRDA:76,7,1,2
BRDA:88,8,0,7
BRDA:88,8,1,7
BRDA:89,9,0,1
BRDA:89,9,1,6
BRDA:95,10,0,1
BRDA:95,10,1,5
BRDA:103,11,0,1
BRDA:103,11,1,4
BRDA:109,12,0,1
BRDA:109,12,1,3
BRDA:116,13,0,1
BRDA:116,13,1,2
BRDA:128,14,0,1
BRDA:128,14,1,6
BRDA:128,15,0,7
BRDA:128,15,1,2
BRDA:134,16,0,1
BRDA:134,16,1,5
BRDA:134,17,0,6
BRDA:134,17,1,2
BRDA:143,18,0,1
BRDA:143,18,1,4
BRDA:143,19,0,5
BRDA:143,19,1,1
BRDA:149,20,0,1
BRDA:149,20,1,3
BRDA:149,21,0,4
BRDA:149,21,1,2
BRDA:155,22,0,1
BRDA:155,22,1,2
BRDA:155,23,0,3
BRDA:155,23,1,1
BRDA:161,24,0,1
BRDA:161,24,1,1
BRDA:172,25,0,1
BRDA:172,25,1,0
BRDA:173,26,0,1
BRDA:173,26,1,0
BRDA:175,27,0,1
BRDA:175,27,1,0
BRF:56
BRH:52
end_of_record
TN:
SF:backend\staff-dashboard.js
FN:11,isUnavailable
FN:15,(anonymous_1)
FN:23,showPatientNotes
FN:52,(anonymous_3)
FN:74,(anonymous_4)
FN:76,(anonymous_5)
FN:101,(anonymous_6)
FN:108,loadStaffDashboard
FN:141,(anonymous_8)
FN:142,(anonymous_9)
FN:143,(anonymous_10)
FN:149,(anonymous_11)
FN:156,(anonymous_12)
FN:198,(anonymous_13)
FN:244,(anonymous_14)
FN:247,(anonymous_15)
FN:248,(anonymous_16)
FN:250,(anonymous_17)
FN:251,(anonymous_18)
FN:255,(anonymous_19)
FN:256,(anonymous_20)
FN:262,(anonymous_21)
FN:263,(anonymous_22)
FN:271,openRescheduleModal
FN:294,(anonymous_24)
FN:295,(anonymous_25)
FN:297,(anonymous_26)
FN:304,(anonymous_27)
FN:317,updateAppointmentStatus
FN:323,formatDate
FN:328,formatTime
FN:336,showToast
FN:340,(anonymous_32)
FN:346,logout
FNF:34
FNH:27
FNDA:5,isUnavailable
FNDA:5,(anonymous_1)
FNDA:3,showPatientNotes
FNDA:1,(anonymous_3)
FNDA:0,(anonymous_4)
FNDA:0,(anonymous_5)
FNDA:0,(anonymous_6)
FNDA:6,loadStaffDashboard
FNDA:5,(anonymous_8)
FNDA:5,(anonymous_9)
FNDA:5,(anonymous_10)
FNDA:5,(anonymous_11)
FNDA:1,(anonymous_12)
FNDA:5,(anonymous_13)
FNDA:0,(anonymous_14)
FNDA:1,(anonymous_15)
FNDA:1,(anonymous_16)
FNDA:1,(anonymous_17)
FNDA:1,(anonymous_18)
FNDA:1,(anonymous_19)
FNDA:1,(anonymous_20)
FNDA:1,(anonymous_21)
FNDA:3,(anonymous_22)
FNDA:1,openRescheduleModal
FNDA:0,(anonymous_24)
FNDA:0,(anonymous_25)
FNDA:1,(anonymous_26)
FNDA:1,(anonymous_27)
FNDA:2,updateAppointmentStatus
FNDA:1,formatDate
FNDA:1,formatTime
FNDA:1,showToast
FNDA:0,(anonymous_32)
FNDA:1,logout
DA:4,3
DA:6,3
DA:7,3
DA:12,5
DA:13,5
DA:15,5
DA:16,5
DA:17,5
DA:18,5
DA:24,3
DA:30,3
DA:31,1
DA:32,1
DA:35,2
DA:37,2
DA:38,2
DA:39,2
DA:40,2
DA:52,1
DA:71,2
DA:72,2
DA:74,2
DA:76,2
DA:77,0
DA:78,0
DA:79,0
DA:80,0
DA:83,0
DA:92,0
DA:93,0
DA:95,0
DA:96,0
DA:97,0
DA:101,2
DA:109,6
DA:110,6
DA:111,4
DA:112,4
DA:113,4
DA:115,2
DA:117,2
DA:123,2
DA:124,1
DA:125,1
DA:127,1
DA:128,1
DA:130,1
DA:136,1
DA:137,1
DA:138,1
DA:140,1
DA:141,5
DA:142,5
DA:143,5
DA:147,1
DA:148,1
DA:149,5
DA:150,1
DA:155,1
DA:156,1
DA:157,1
DA:163,1
DA:164,1
DA:199,5
DA:200,5
DA:201,5
DA:207,5
DA:208,5
DA:209,5
DA:210,2
DA:211,3
DA:212,1
DA:213,2
DA:214,1
DA:216,1
DA:218,5
DA:244,1
DA:245,0
DA:247,1
DA:248,1
DA:250,1
DA:251,1
DA:252,1
DA:255,1
DA:256,1
DA:257,1
DA:262,1
DA:263,1
DA:264,3
DA:268,1
DA:272,1
DA:273,1
DA:274,1
DA:275,1
DA:291,1
DA:292,1
DA:294,1
DA:295,1
DA:297,1
DA:298,1
DA:299,1
DA:300,1
DA:301,1
DA:302,1
DA:303,1
DA:304,1
DA:305,1
DA:306,0
DA:307,0
DA:309,1
DA:310,1
DA:311,1
DA:312,1
DA:313,1
DA:318,2
DA:319,2
DA:320,2
DA:324,1
DA:325,1
DA:326,1
DA:329,1
DA:330,1
DA:331,1
DA:332,1
DA:333,1
DA:334,1
DA:337,1
DA:338,1
DA:339,1
DA:340,1
DA:347,1
DA:348,1
DA:349,1
DA:352,3
DA:353,3
LF:135
LH:122
BRDA:16,0,0,0
BRDA:16,0,1,5
BRDA:17,1,0,0
BRDA:17,1,1,5
BRDA:17,2,0,5
BRDA:17,2,1,0
BRDA:18,3,0,5
BRDA:18,3,1,2
BRDA:30,4,0,1
BRDA:30,4,1,2
BRDA:35,5,0,2
BRDA:35,5,1,0
BRDA:46,6,0,2
BRDA:46,6,1,1
BRDA:50,7,0,1
BRDA:50,7,1,1
BRDA:50,8,0,2
BRDA:50,8,1,2
BRDA:78,9,0,0
BRDA:78,9,1,0
BRDA:88,10,0,0
BRDA:88,10,1,0
BRDA:92,11,0,0
BRDA:92,11,1,0
BRDA:101,12,0,0
BRDA:101,12,1,0
BRDA:110,13,0,4
BRDA:110,13,1,2
BRDA:123,14,0,1
BRDA:123,14,1,1
BRDA:123,15,0,2
BRDA:123,15,1,1
BRDA:136,16,0,1
BRDA:136,16,1,0
BRDA:137,17,0,1
BRDA:137,17,1,0
BRDA:138,18,0,1
BRDA:138,18,1,0
BRDA:148,19,0,1
BRDA:148,19,1,0
BRDA:155,20,0,1
BRDA:155,20,1,0
BRDA:157,21,0,1
BRDA:157,21,1,1
BRDA:192,22,0,0
BRDA:192,22,1,1
BRDA:199,23,0,5
BRDA:199,23,1,0
BRDA:201,24,0,5
BRDA:201,24,1,1
BRDA:207,25,0,5
BRDA:207,25,1,0
BRDA:209,26,0,2
BRDA:209,26,1,3
BRDA:209,27,0,5
BRDA:209,27,1,4
BRDA:211,28,0,1
BRDA:211,28,1,2
BRDA:213,29,0,1
BRDA:213,29,1,1
BRDA:218,30,0,1
BRDA:218,30,1,4
BRDA:220,31,0,5
BRDA:220,31,1,0
BRDA:221,32,0,5
BRDA:221,32,1,0
BRDA:230,33,0,1
BRDA:230,33,1,4
BRDA:252,34,0,1
BRDA:252,34,1,0
BRDA:295,35,0,0
BRDA:295,35,1,0
BRDA:302,36,0,0
BRDA:302,36,1,1
BRDA:302,37,0,1
BRDA:302,37,1,1
BRDA:303,38,0,0
BRDA:303,38,1,1
BRDA:303,39,0,1
BRDA:303,39,1,1
BRDA:305,40,0,1
BRDA:305,40,1,0
BRDA:306,41,0,0
BRDA:306,41,1,0
BRDA:306,42,0,0
BRDA:306,42,1,0
BRDA:307,43,0,0
BRDA:307,43,1,0
BRDA:309,44,0,0
BRDA:309,44,1,1
BRDA:311,45,0,0
BRDA:311,45,1,1
BRDA:319,46,0,0
BRDA:319,46,1,2
BRDA:324,47,0,0
BRDA:324,47,1,1
BRDA:329,48,0,0
BRDA:329,48,1,1
BRDA:332,49,0,1
BRDA:332,49,1,0
BRDA:333,50,0,1
BRDA:333,50,1,1
BRDA:336,51,0,0
BRDA:339,52,0,1
BRDA:339,52,1,0
BRF:105
BRH:63
end_of_record
TN:
SF:backend\staff-unavailability.js
FN:7,init
FN:38,renderList
FN:57,(anonymous_2)
FN:63,(anonymous_3)
FN:64,(anonymous_4)
FN:68,markClashingAppointments
FN:76,(anonymous_6)
FN:80,(anonymous_7)
FN:86,revertClashingAppointments
FN:94,(anonymous_9)
FN:98,(anonymous_10)
FN:104,addUnavailability
FN:124,deleteEntry
FN:135,formatDate
FN:140,formatTime
FN:148,formatTimeRange
FN:152,showToast
FN:156,(anonymous_17)
FN:159,(anonymous_18)
FNF:19
FNH:18
FNDA:5,init
FNDA:5,renderList
FNDA:1,(anonymous_2)
FNDA:1,(anonymous_3)
FNDA:1,(anonymous_4)
FNDA:1,markClashingAppointments
FNDA:1,(anonymous_6)
FNDA:1,(anonymous_7)
FNDA:1,revertClashingAppointments
FNDA:1,(anonymous_9)
FNDA:1,(anonymous_10)
FNDA:1,addUnavailability
FNDA:1,deleteEntry
FNDA:1,formatDate
FNDA:2,formatTime
FNDA:1,formatTimeRange
FNDA:3,showToast
FNDA:0,(anonymous_17)
FNDA:1,(anonymous_18)
DA:4,5
DA:5,5
DA:8,5
DA:9,5
DA:10,1
DA:11,1
DA:13,4
DA:15,4
DA:21,4
DA:22,1
DA:23,1
DA:25,3
DA:27,3
DA:28,3
DA:29,3
DA:30,3
DA:31,3
DA:32,3
DA:34,3
DA:35,3
DA:39,5
DA:40,5
DA:41,5
DA:48,5
DA:49,1
DA:50,1
DA:51,1
DA:53,4
DA:54,3
DA:55,3
DA:57,1
DA:63,1
DA:64,1
DA:69,1
DA:75,1
DA:76,1
DA:77,1
DA:78,1
DA:79,1
DA:80,1
DA:81,1
DA:82,1
DA:87,1
DA:93,1
DA:94,1
DA:95,1
DA:96,1
DA:97,1
DA:98,1
DA:99,1
DA:100,1
DA:105,1
DA:106,1
DA:107,1
DA:108,1
DA:109,1
DA:110,1
DA:111,1
DA:113,1
DA:114,1
DA:115,1
DA:117,1
DA:118,1
DA:119,1
DA:120,1
DA:121,1
DA:125,1
DA:126,1
DA:127,1
DA:128,1
DA:129,1
DA:130,1
DA:131,1
DA:132,1
DA:136,1
DA:137,1
DA:138,1
DA:141,2
DA:142,2
DA:143,2
DA:144,2
DA:145,2
DA:146,2
DA:149,1
DA:150,1
DA:153,3
DA:154,3
DA:155,3
DA:156,3
DA:159,5
DA:160,1
DA:161,1
DA:162,1
DA:165,5
LF:94
LH:94
BRDA:9,0,0,1
BRDA:9,0,1,4
BRDA:21,1,0,1
BRDA:21,1,1,3
BRDA:21,2,0,4
BRDA:21,2,1,3
BRDA:48,3,0,1
BRDA:48,3,1,4
BRDA:53,4,0,3
BRDA:53,4,1,1
BRDA:53,5,0,4
BRDA:53,5,1,4
BRDA:75,6,0,0
BRDA:75,6,1,1
BRDA:75,7,0,1
BRDA:75,7,1,1
BRDA:78,8,0,0
BRDA:78,8,1,1
BRDA:78,9,0,1
BRDA:78,9,1,0
BRDA:79,10,0,1
BRDA:79,10,1,1
BRDA:81,11,0,1
BRDA:81,11,1,0
BRDA:93,12,0,0
BRDA:93,12,1,1
BRDA:93,13,0,1
BRDA:93,13,1,1
BRDA:96,14,0,0
BRDA:96,14,1,1
BRDA:96,15,0,1
BRDA:96,15,1,0
BRDA:97,16,0,1
BRDA:97,16,1,1
BRDA:99,17,0,1
BRDA:99,17,1,0
BRDA:106,18,0,1
BRDA:106,18,1,0
BRDA:107,19,0,1
BRDA:107,19,1,0
BRDA:108,20,0,0
BRDA:108,20,1,1
BRDA:109,21,0,0
BRDA:109,21,1,1
BRDA:109,22,0,1
BRDA:109,22,1,1
BRDA:109,22,2,1
BRDA:109,22,3,0
BRDA:110,23,0,0
BRDA:110,23,1,1
BRDA:110,24,0,1
BRDA:110,24,1,1
BRDA:110,24,2,1
BRDA:111,25,0,0
BRDA:111,25,1,1
BRDA:111,26,0,1
BRDA:111,26,1,1
BRDA:111,26,2,1
BRDA:111,26,3,1
BRDA:111,26,4,1
BRDA:111,26,5,1
BRDA:114,27,0,0
BRDA:114,27,1,1
BRDA:125,28,0,0
BRDA:125,28,1,1
BRDA:127,29,0,0
BRDA:127,29,1,1
BRDA:127,30,0,1
BRDA:127,30,1,1
BRDA:129,31,0,0
BRDA:129,31,1,1
BRDA:136,32,0,0
BRDA:136,32,1,1
BRDA:141,33,0,0
BRDA:141,33,1,2
BRDA:144,34,0,0
BRDA:144,34,1,2
BRDA:145,35,0,2
BRDA:145,35,1,0
BRDA:149,36,0,0
BRDA:149,36,1,1
BRDA:149,37,0,1
BRDA:149,37,1,0
BRDA:152,38,0,2
BRDA:155,39,0,1
BRDA:155,39,1,2
BRF:86
BRH:61
end_of_record
TN:
SF:backend\tableAdmin.js
FN:5,(anonymous_0)
FN:11,(anonymous_1)
FN:18,(anonymous_2)
FN:30,(anonymous_3)
FN:73,(anonymous_4)
FNF:5
FNH:4
FNDA:13,(anonymous_0)
FNDA:5,(anonymous_1)
FNDA:2,(anonymous_2)
FNDA:6,(anonymous_3)
FNDA:0,(anonymous_4)
DA:6,13
DA:7,13
DA:8,13
DA:12,5
DA:13,5
DA:14,1
DA:15,1
DA:17,4
DA:18,2
DA:19,2
DA:20,2
DA:21,2
DA:22,2
DA:23,2
DA:24,2
DA:25,2
DA:31,6
DA:32,6
DA:33,6
DA:34,6
DA:35,6
DA:36,6
DA:37,6
DA:38,42
DA:39,42
DA:40,42
DA:41,42
DA:42,42
DA:43,42
DA:45,42
DA:46,7
DA:48,35
DA:49,1
DA:50,1
DA:52,34
DA:53,34
DA:54,34
DA:55,34
DA:56,34
DA:57,1
DA:58,1
DA:60,33
DA:62,40
DA:63,40
DA:65,6
DA:66,6
DA:67,6
DA:68,3
DA:72,1
DA:73,1
DA:74,1
LF:51
LH:51
BRDA:13,0,0,1
BRDA:13,0,1,4
BRDA:17,1,0,2
BRDA:17,1,1,2
BRDA:17,2,0,4
BRDA:17,2,1,4
BRDA:23,3,0,2
BRDA:23,3,1,0
BRDA:23,4,0,1
BRDA:23,4,1,1
BRDA:24,5,0,2
BRDA:24,5,1,0
BRDA:24,6,0,1
BRDA:24,6,1,1
BRDA:25,7,0,2
BRDA:25,7,1,0
BRDA:41,8,0,42
BRDA:41,8,1,8
BRDA:42,9,0,42
BRDA:42,9,1,8
BRDA:43,10,0,42
BRDA:43,10,1,7
BRDA:45,11,0,7
BRDA:45,11,1,35
BRDA:48,12,0,1
BRDA:48,12,1,34
BRDA:48,13,0,35
BRDA:48,13,1,34
BRDA:56,14,0,1
BRDA:56,14,1,33
BRDA:63,15,0,7
BRDA:63,15,1,33
BRDA:67,16,0,3
BRDA:67,16,1,3
BRF:34
BRH:31
end_of_record
TN:
SF:backend\utils.js
FN:8,(anonymous_0)
FN:25,(anonymous_1)
FN:30,(anonymous_2)
FN:35,(anonymous_3)
FN:43,(anonymous_4)
FN:49,(anonymous_5)
FN:55,(anonymous_6)
FN:57,(anonymous_7)
FN:64,(anonymous_8)
FN:71,(anonymous_9)
FN:75,(anonymous_10)
FN:81,(anonymous_11)
FN:88,(anonymous_12)
FN:91,(anonymous_13)
FNF:14
FNH:14
FNDA:23,(anonymous_0)
FNDA:10,(anonymous_1)
FNDA:18,(anonymous_2)
FNDA:21,(anonymous_3)
FNDA:14,(anonymous_4)
FNDA:122,(anonymous_5)
FNDA:14,(anonymous_6)
FNDA:98,(anonymous_7)
FNDA:12,(anonymous_8)
FNDA:8,(anonymous_9)
FNDA:8,(anonymous_10)
FNDA:13,(anonymous_11)
FNDA:26,(anonymous_12)
FNDA:125,(anonymous_13)
DA:3,1
DA:4,1
DA:5,1
DA:6,1
DA:9,23
DA:10,20
DA:11,20
DA:12,20
DA:13,18
DA:14,18
DA:15,18
DA:16,14
DA:17,14
DA:18,50
DA:19,50
DA:20,50
DA:22,14
DA:26,10
DA:27,5
DA:31,18
DA:32,16
DA:36,21
DA:37,21
DA:38,21
DA:39,21
DA:40,21
DA:44,14
DA:45,9
DA:46,6
DA:50,122
DA:51,122
DA:52,122
DA:56,14
DA:57,14
DA:58,98
DA:59,98
DA:61,14
DA:65,12
DA:66,12
DA:67,12
DA:68,12
DA:72,8
DA:76,8
DA:77,8
DA:78,8
DA:82,13
DA:83,8
DA:84,6
DA:85,4
DA:89,26
DA:90,26
DA:91,26
DA:92,125
DA:93,89
DA:94,67
DA:95,57
DA:96,50
DA:97,10
DA:98,10
DA:100,46
DA:108,1
DA:109,1
DA:110,1
DA:111,1
DA:114,1
DA:115,1
DA:116,1
DA:117,1
DA:118,1
DA:119,1
DA:120,1
DA:121,1
DA:122,1
DA:123,1
DA:124,1
DA:125,1
LF:76
LH:76
BRDA:8,0,0,12
BRDA:9,1,0,3
BRDA:9,1,1,20
BRDA:9,2,0,23
BRDA:9,2,1,21
BRDA:12,3,0,2
BRDA:12,3,1,18
BRDA:12,4,0,20
BRDA:12,4,1,19
BRDA:12,4,2,19
BRDA:12,4,3,18
BRDA:15,5,0,4
BRDA:15,5,1,14
BRDA:15,6,0,18
BRDA:15,6,1,16
BRDA:26,7,0,5
BRDA:26,7,1,5
BRDA:31,8,0,2
BRDA:31,8,1,16
BRDA:44,9,0,5
BRDA:44,9,1,9
BRDA:45,10,0,3
BRDA:45,10,1,6
BRDA:59,11,0,70
BRDA:59,11,1,28
BRDA:59,12,0,70
BRDA:59,12,1,28
BRDA:71,13,0,0
BRDA:72,14,0,8
BRDA:72,14,1,7
BRDA:72,14,2,5
BRDA:75,15,0,0
BRDA:81,16,0,1
BRDA:82,17,0,5
BRDA:82,17,1,8
BRDA:82,18,0,13
BRDA:82,18,1,9
BRDA:83,19,0,2
BRDA:83,19,1,6
BRDA:83,20,0,8
BRDA:83,20,1,7
BRDA:84,21,0,2
BRDA:84,21,1,4
BRDA:84,22,0,6
BRDA:84,22,1,5
BRDA:88,23,0,0
BRDA:89,24,0,16
BRDA:89,25,0,20
BRDA:89,26,0,21
BRDA:89,27,0,21
BRDA:89,28,0,23
BRDA:89,29,0,23
BRDA:89,30,0,22
BRDA:92,31,0,36
BRDA:92,31,1,89
BRDA:92,32,0,125
BRDA:92,32,1,45
BRDA:93,33,0,22
BRDA:93,33,1,67
BRDA:93,34,0,89
BRDA:93,34,1,30
BRDA:94,35,0,10
BRDA:94,35,1,57
BRDA:94,36,0,67
BRDA:94,36,1,19
BRDA:95,37,0,7
BRDA:95,37,1,50
BRDA:95,38,0,57
BRDA:95,38,1,15
BRDA:96,39,0,10
BRDA:96,39,1,40
BRDA:96,40,0,50
BRDA:96,40,1,15
BRDA:98,41,0,4
BRDA:98,41,1,6
BRF:75
BRH:72
end_of_record
